$ astro check
[2m10:31:29[22m [34m[@astrojs/node][39m Enabling sessions with filesystem storage
[2m10:31:29[22m [34m[content][39m Syncing content
[2m10:31:29[22m [34m[content][39m Synced content
[2m10:31:29[22m [34m[types][39m Generated [2m205ms[22m
[2m10:31:29[22m [34m[check][39m Getting diagnostics for Astro files in C:\MyFiles\ProgrammingProjects\MamaWiki\kancelariaabw...
[96msrc/components/layout/Layout.astro[0m:[93m56[0m:[93m7[0m - [93mwarning[0m[90m astro(4000): [0mThis script will be treated as if it has the `is:inline` directive because it contains an attribute. Therefore, features that require processing (e.g. using TypeScript or npm packages in the script) are unavailable.

See docs for more details: https://docs.astro.build/en/guides/client-side-scripts/#script-processing.

Add the `is:inline` directive explicitly to silence this hint.

[7m56[0m       defer
[7m  [0m [93m      ~~~~~[0m

[96msrc/components/seo/StructuredData.astro[0m:[93m8[0m:[93m9[0m - [93mwarning[0m[90m astro(4000): [0mThis script will be treated as if it has the `is:inline` directive because it contains an attribute. Therefore, features that require processing (e.g. using TypeScript or npm packages in the script) are unavailable.

See docs for more details: https://docs.astro.build/en/guides/client-side-scripts/#script-processing.

Add the `is:inline` directive explicitly to silence this hint.

[7m8[0m <script type="application/ld+json" set:html={JSON.stringify(schema)} />
[7m [0m [93m        ~~~~[0m

[96msrc/pages/admin.astro[0m:[93m271[0m:[93m7[0m - [91merror[0m[90m ts(18047): [0m'status' is possibly 'null'.

[7m271[0m       status.textContent = 'Sprawd┼║ czy serwer jest uruchomiony.';
[7m   [0m [91m      ~~~~~~[0m
[96msrc/pages/admin.astro[0m:[93m270[0m:[93m11[0m - [91merror[0m[90m ts(2339): [0mProperty 'disabled' does not exist on type 'HTMLElement'.

[7m270[0m       btn.disabled = false;
[7m   [0m [91m          ~~~~~~~~[0m
[96msrc/pages/admin.astro[0m:[93m263[0m:[93m11[0m - [91merror[0m[90m ts(18047): [0m'status' is possibly 'null'.

[7m263[0m           status.textContent = '';
[7m   [0m [91m          ~~~~~~[0m
[96msrc/pages/admin.astro[0m:[93m261[0m:[93m15[0m - [91merror[0m[90m ts(2339): [0mProperty 'disabled' does not exist on type 'HTMLElement'.

[7m261[0m           btn.disabled = false;
[7m   [0m [91m              ~~~~~~~~[0m
[96msrc/pages/admin.astro[0m:[93m259[0m:[93m9[0m - [91merror[0m[90m ts(18047): [0m'status' is possibly 'null'.

[7m259[0m         status.textContent = 'Zmiany pojawi─à si─Ö za ~30 sekund.';
[7m   [0m [91m        ~~~~~~[0m
[96msrc/pages/admin.astro[0m:[93m254[0m:[93m5[0m - [91merror[0m[90m ts(18047): [0m'status' is possibly 'null'.

[7m254[0m     status.textContent = '┼ü─àczenie z serwerem...';
[7m   [0m [91m    ~~~~~~[0m
[96msrc/pages/admin.astro[0m:[93m252[0m:[93m9[0m - [91merror[0m[90m ts(2339): [0mProperty 'disabled' does not exist on type 'HTMLElement'.

[7m252[0m     btn.disabled = true;
[7m   [0m [91m        ~~~~~~~~[0m

[96msrc/pages/api/build.ts[0m:[93m7[0m:[93m38[0m - [93mwarning[0m[90m ts(6133): [0m'request' is declared but its value is never read.

[7m7[0m export const POST: APIRoute = async ({ request }) => {
[7m [0m [93m                                     ~~~~~~~~~~~[0m

[96msrc/pages/blog/[slug].astro[0m:[93m46[0m:[93m30[0m - [91merror[0m[90m ts(2339): [0mProperty 'lastModified' does not exist on type '{ author: string; publishDate: Date; title: string; description: string; category: "Prawo rodzinne" | "Prawo cywilne" | "Prawo karne" | "Prawo nieruchomo┼øci" | "Prawo upad┼éo┼øciowe" | "Odszkodowania" | "Prawo gospodarcze" | "Porady og├│lne"; tags: string[]; draft: boolean; relatedService?: string | ... 1 more ... | un...'.

[7m46[0m   "dateModified": (post.data.lastModified ?? post.data.publishDate).toISOString?.() ?? post.data.publishDate.toISOString(),
[7m  [0m [91m                             ~~~~~~~~~~~~[0m
[96msrc/pages/blog/[slug].astro[0m:[93m32[0m:[93m64[0m - [91merror[0m[90m ts(2339): [0mProperty 'id' does not exist on type 'string'.

[7m32[0m const authorEntry = await getEntry('authors', post.data.author.id || post.data.author);
[7m  [0m [91m                                                               ~~[0m
[96msrc/pages/blog/[slug].astro[0m:[93m6[0m:[93m1[0m - [93mwarning[0m[90m ts(6133): [0m'Breadcrumb' is declared but its value is never read.

[7m6[0m import Breadcrumb from '@components/ui/Breadcrumb.astro';
[7m [0m [93m~~~~~~~~~~~~~~~~~~~~~~~~~~~~~~~~~~~~~~~~~~~~~~~~~~~~~~~~~[0m
[96msrc/pages/blog/[slug].astro[0m:[93m5[0m:[93m1[0m - [93mwarning[0m[90m ts(6133): [0m'Button' is declared but its value is never read.

[7m5[0m import Button from '@components/ui/Button.astro';
[7m [0m [93m~~~~~~~~~~~~~~~~~~~~~~~~~~~~~~~~~~~~~~~~~~~~~~~~~[0m
[96msrc/pages/blog/[slug].astro[0m:[93m2[0m:[93m10[0m - [93mwarning[0m[90m ts(6133): [0m'getCollection' is declared but its value is never read.

[7m2[0m import { getCollection, getEntry } from 'astro:content';
[7m [0m [93m         ~~~~~~~~~~~~~[0m

[96msrc/pages/uslugi/[slug].astro[0m:[93m71[0m:[93m5[0m - [91merror[0m[90m ts(2322): [0mType 'string | null | undefined' is not assignable to type 'string | undefined'.
  Type 'null' is not assignable to type 'string | undefined'.

[7m71[0m     imageAlt={data.hero?.title}
[7m  [0m [91m    ~~~~~~~~[0m
[96msrc/pages/uslugi/[slug].astro[0m:[93m70[0m:[93m23[0m - [91merror[0m[90m ts(2339): [0mProperty 'image' does not exist on type '{ title?: string | null | undefined; description?: string | null | undefined; subtitle?: string | null | undefined; }'.

[7m70[0m     image={data.hero?.image}
[7m  [0m [91m                      ~~~~~[0m
[96msrc/pages/uslugi/[slug].astro[0m:[93m69[0m:[93m5[0m - [91merror[0m[90m ts(2322): [0mType 'string | null | undefined' is not assignable to type 'string | undefined'.
  Type 'null' is not assignable to type 'string | undefined'.

[7m69[0m     description={data.hero?.description}
[7m  [0m [91m    ~~~~~~~~~~~[0m
[96msrc/pages/uslugi/[slug].astro[0m:[93m68[0m:[93m5[0m - [91merror[0m[90m ts(2322): [0mType 'string | null | undefined' is not assignable to type 'string | undefined'.
  Type 'null' is not assignable to type 'string | undefined'.

[7m68[0m     subtitle={data.hero?.subtitle}
[7m  [0m [91m    ~~~~~~~~[0m
[96msrc/pages/uslugi/[slug].astro[0m:[93m67[0m:[93m5[0m - [91merror[0m[90m ts(2322): [0mType 'string | null | undefined' is not assignable to type 'string'.
  Type 'undefined' is not assignable to type 'string'.

[7m67[0m     title={data.hero?.title}
[7m  [0m [91m    ~~~~~[0m
[96msrc/pages/uslugi/[slug].astro[0m:[93m59[0m:[93m42[0m - [91merror[0m[90m ts(2339): [0mProperty 'image' does not exist on type '{ title?: string | null | undefined; description?: string | null | undefined; subtitle?: string | null | undefined; }'.

[7m59[0m   image={data.seo?.ogImage || data.hero?.image || undefined}
[7m  [0m [91m                                         ~~~~~[0m

[96msrc/pages/uslugi/index.astro[0m:[93m5[0m:[93m1[0m - [93mwarning[0m[90m ts(6133): [0m'Button' is declared but its value is never read.

[7m5[0m import Button from '@components/ui/Button.astro';
[7m [0m [93m~~~~~~~~~~~~~~~~~~~~~~~~~~~~~~~~~~~~~~~~~~~~~~~~~[0m
[96msrc/pages/uslugi/index.astro[0m:[93m4[0m:[93m1[0m - [93mwarning[0m[90m ts(6133): [0m'ServiceCard' is declared but its value is never read.

[7m4[0m import ServiceCard from '@components/ui/ServiceCard.astro';
[7m [0m [93m~~~~~~~~~~~~~~~~~~~~~~~~~~~~~~~~~~~~~~~~~~~~~~~~~~~~~~~~~~~[0m

[96msrc/pages/uslugi/obsluga-prawna-firm-wroclaw.astro[0m:[93m49[0m:[93m24[0m - [91merror[0m[90m ts(2339): [0mProperty 'heroDescription' does not exist on type '{ title: string; features: { title: string; desc: string; icon?: string | undefined; }[]; faq: { question: string; answer: string; }[]; steps: { title: string; desc: string; }[]; seo?: { description: string; ogImage?: string | ... 1 more ... | undefined; } | undefined; hero?: { ...; } | undefined; }'.

[7m49[0m     description={data?.heroDescription}
[7m  [0m [91m                       ~~~~~~~~~~~~~~~[0m
[96msrc/pages/uslugi/obsluga-prawna-firm-wroclaw.astro[0m:[93m48[0m:[93m21[0m - [91merror[0m[90m ts(2339): [0mProperty 'heroSubtitle' does not exist on type '{ title: string; features: { title: string; desc: string; icon?: string | undefined; }[]; faq: { question: string; answer: string; }[]; steps: { title: string; desc: string; }[]; seo?: { description: string; ogImage?: string | ... 1 more ... | undefined; } | undefined; hero?: { ...; } | undefined; }'.

[7m48[0m     subtitle={data?.heroSubtitle}
[7m  [0m [91m                    ~~~~~~~~~~~~[0m
[96msrc/pages/uslugi/obsluga-prawna-firm-wroclaw.astro[0m:[93m47[0m:[93m18[0m - [91merror[0m[90m ts(2339): [0mProperty 'heroTitle' does not exist on type '{ title: string; features: { title: string; desc: string; icon?: string | undefined; }[]; faq: { question: string; answer: string; }[]; steps: { title: string; desc: string; }[]; seo?: { description: string; ogImage?: string | ... 1 more ... | undefined; } | undefined; hero?: { ...; } | undefined; }'.

[7m47[0m     title={data?.heroTitle}
[7m  [0m [91m                 ~~~~~~~~~[0m
[96msrc/pages/uslugi/obsluga-prawna-firm-wroclaw.astro[0m:[93m38[0m:[93m22[0m - [91merror[0m[90m ts(2339): [0mProperty 'seoDescription' does not exist on type '{ title: string; features: { title: string; desc: string; icon?: string | undefined; }[]; faq: { question: string; answer: string; }[]; steps: { title: string; desc: string; }[]; seo?: { description: string; ogImage?: string | ... 1 more ... | undefined; } | undefined; hero?: { ...; } | undefined; }'.

[7m38[0m   description={data?.seoDescription || ""}
[7m  [0m [91m                     ~~~~~~~~~~~~~~[0m
[96msrc/pages/uslugi/obsluga-prawna-firm-wroclaw.astro[0m:[93m31[0m:[93m57[0m - [91merror[0m[90m ts(2339): [0mProperty 'heroTitle' does not exist on type '{ title: string; features: { title: string; desc: string; icon?: string | undefined; }[]; faq: { question: string; answer: string; }[]; steps: { title: string; desc: string; }[]; seo?: { description: string; ogImage?: string | ... 1 more ... | undefined; } | undefined; hero?: { ...; } | undefined; }'.

[7m31[0m     { "@type": "ListItem", "position": 3, "name": data?.heroTitle || "Obs┼éuga prawna firm", "item": "https://kancelariaabw.pl/uslugi/obsluga-prawna-firm-wroclaw" },
[7m  [0m [91m                                                        ~~~~~~~~~[0m
[96msrc/pages/uslugi/obsluga-prawna-firm-wroclaw.astro[0m:[93m19[0m:[93m24[0m - [91merror[0m[90m ts(2339): [0mProperty 'seoDescription' does not exist on type '{ title: string; features: { title: string; desc: string; icon?: string | undefined; }[]; faq: { question: string; answer: string; }[]; steps: { title: string; desc: string; }[]; seo?: { description: string; ogImage?: string | ... 1 more ... | undefined; } | undefined; hero?: { ...; } | undefined; }'.

[7m19[0m   "description": data?.seoDescription || "Obs┼éuga prawna przedsi─Öbiorstw we Wroc┼éawiu",
[7m  [0m [91m                       ~~~~~~~~~~~~~~[0m

[96msrc/pages/uslugi/odszkodowania-komunikacyjne-wroclaw.astro[0m:[93m51[0m:[93m24[0m - [91merror[0m[90m ts(2339): [0mProperty 'heroDescription' does not exist on type '{ title: string; features: { title: string; desc: string; icon?: string | undefined; }[]; faq: { question: string; answer: string; }[]; steps: { title: string; desc: string; }[]; seo?: { description: string; ogImage?: string | ... 1 more ... | undefined; } | undefined; hero?: { ...; } | undefined; }'.

[7m51[0m     description={data?.heroDescription}
[7m  [0m [91m                       ~~~~~~~~~~~~~~~[0m
[96msrc/pages/uslugi/odszkodowania-komunikacyjne-wroclaw.astro[0m:[93m50[0m:[93m21[0m - [91merror[0m[90m ts(2339): [0mProperty 'heroSubtitle' does not exist on type '{ title: string; features: { title: string; desc: string; icon?: string | undefined; }[]; faq: { question: string; answer: string; }[]; steps: { title: string; desc: string; }[]; seo?: { description: string; ogImage?: string | ... 1 more ... | undefined; } | undefined; hero?: { ...; } | undefined; }'.

[7m50[0m     subtitle={data?.heroSubtitle}
[7m  [0m [91m                    ~~~~~~~~~~~~[0m
[96msrc/pages/uslugi/odszkodowania-komunikacyjne-wroclaw.astro[0m:[93m49[0m:[93m18[0m - [91merror[0m[90m ts(2339): [0mProperty 'heroTitle' does not exist on type '{ title: string; features: { title: string; desc: string; icon?: string | undefined; }[]; faq: { question: string; answer: string; }[]; steps: { title: string; desc: string; }[]; seo?: { description: string; ogImage?: string | ... 1 more ... | undefined; } | undefined; hero?: { ...; } | undefined; }'.

[7m49[0m     title={data?.heroTitle}
[7m  [0m [91m                 ~~~~~~~~~[0m
[96msrc/pages/uslugi/odszkodowania-komunikacyjne-wroclaw.astro[0m:[93m40[0m:[93m22[0m - [91merror[0m[90m ts(2339): [0mProperty 'seoDescription' does not exist on type '{ title: string; features: { title: string; desc: string; icon?: string | undefined; }[]; faq: { question: string; answer: string; }[]; steps: { title: string; desc: string; }[]; seo?: { description: string; ogImage?: string | ... 1 more ... | undefined; } | undefined; hero?: { ...; } | undefined; }'.

[7m40[0m   description={data?.seoDescription || ""}
[7m  [0m [91m                     ~~~~~~~~~~~~~~[0m
[96msrc/pages/uslugi/odszkodowania-komunikacyjne-wroclaw.astro[0m:[93m33[0m:[93m57[0m - [91merror[0m[90m ts(2339): [0mProperty 'heroTitle' does not exist on type '{ title: string; features: { title: string; desc: string; icon?: string | undefined; }[]; faq: { question: string; answer: string; }[]; steps: { title: string; desc: string; }[]; seo?: { description: string; ogImage?: string | ... 1 more ... | undefined; } | undefined; hero?: { ...; } | undefined; }'.

[7m33[0m     { "@type": "ListItem", "position": 3, "name": data?.heroTitle || "Odszkodowania komunikacyjne", "item": "https://kancelariaabw.pl/uslugi/odszkodowania-komunikacyjne-wroclaw" },
[7m  [0m [91m                                                        ~~~~~~~~~[0m
[96msrc/pages/uslugi/odszkodowania-komunikacyjne-wroclaw.astro[0m:[93m20[0m:[93m24[0m - [91merror[0m[90m ts(2339): [0mProperty 'seoDescription' does not exist on type '{ title: string; features: { title: string; desc: string; icon?: string | undefined; }[]; faq: { question: string; answer: string; }[]; steps: { title: string; desc: string; }[]; seo?: { description: string; ogImage?: string | ... 1 more ... | undefined; } | undefined; hero?: { ...; } | undefined; }'.

[7m20[0m   "description": data?.seoDescription || "Dochodzenie odszkodowa┼ä komunikacyjnych we Wroc┼éawiu",
[7m  [0m [91m                       ~~~~~~~~~~~~~~[0m

[96msrc/pages/uslugi/prawo-gospodarcze.astro[0m:[93m45[0m:[93m5[0m - [91merror[0m[90m ts(2322): [0mType 'string | null | undefined' is not assignable to type 'string | undefined'.
  Type 'null' is not assignable to type 'string | undefined'.

[7m45[0m     description={data?.hero?.description}
[7m  [0m [91m    ~~~~~~~~~~~[0m
[96msrc/pages/uslugi/prawo-gospodarcze.astro[0m:[93m44[0m:[93m5[0m - [91merror[0m[90m ts(2322): [0mType 'string | null | undefined' is not assignable to type 'string | undefined'.
  Type 'null' is not assignable to type 'string | undefined'.

[7m44[0m     subtitle={data?.hero?.subtitle}
[7m  [0m [91m    ~~~~~~~~[0m
[96msrc/pages/uslugi/prawo-gospodarcze.astro[0m:[93m35[0m:[93m22[0m - [91merror[0m[90m ts(2339): [0mProperty 'seoDescription' does not exist on type '{ title: string; features: { title: string; desc: string; icon?: string | undefined; }[]; faq: { question: string; answer: string; }[]; steps: { title: string; desc: string; }[]; seo?: { description: string; ogImage?: string | ... 1 more ... | undefined; } | undefined; hero?: { ...; } | undefined; }'.

[7m35[0m   description={data?.seoDescription || "Obs┼éuga prawna firm i przedsi─Öbiorc├│w we Wroc┼éawiu. Rejestracja sp├│┼éek, umowy, windykacja, RODO."}
[7m  [0m [91m                     ~~~~~~~~~~~~~~[0m

[96msrc/pages/uslugi/prawo-karne.astro[0m:[93m45[0m:[93m24[0m - [91merror[0m[90m ts(2339): [0mProperty 'heroDescription' does not exist on type '{ title: string; features: { title: string; desc: string; icon?: string | undefined; }[]; faq: { question: string; answer: string; }[]; steps: { title: string; desc: string; }[]; seo?: { description: string; ogImage?: string | ... 1 more ... | undefined; } | undefined; hero?: { ...; } | undefined; }'.

[7m45[0m     description={data?.heroDescription}
[7m  [0m [91m                       ~~~~~~~~~~~~~~~[0m
[96msrc/pages/uslugi/prawo-karne.astro[0m:[93m44[0m:[93m21[0m - [91merror[0m[90m ts(2339): [0mProperty 'heroSubtitle' does not exist on type '{ title: string; features: { title: string; desc: string; icon?: string | undefined; }[]; faq: { question: string; answer: string; }[]; steps: { title: string; desc: string; }[]; seo?: { description: string; ogImage?: string | ... 1 more ... | undefined; } | undefined; hero?: { ...; } | undefined; }'.

[7m44[0m     subtitle={data?.heroSubtitle}
[7m  [0m [91m                    ~~~~~~~~~~~~[0m
[96msrc/pages/uslugi/prawo-karne.astro[0m:[93m43[0m:[93m18[0m - [91merror[0m[90m ts(2339): [0mProperty 'heroTitle' does not exist on type '{ title: string; features: { title: string; desc: string; icon?: string | undefined; }[]; faq: { question: string; answer: string; }[]; steps: { title: string; desc: string; }[]; seo?: { description: string; ogImage?: string | ... 1 more ... | undefined; } | undefined; hero?: { ...; } | undefined; }'.

[7m43[0m     title={data?.heroTitle}
[7m  [0m [91m                 ~~~~~~~~~[0m
[96msrc/pages/uslugi/prawo-karne.astro[0m:[93m35[0m:[93m22[0m - [91merror[0m[90m ts(2339): [0mProperty 'seoDescription' does not exist on type '{ title: string; features: { title: string; desc: string; icon?: string | undefined; }[]; faq: { question: string; answer: string; }[]; steps: { title: string; desc: string; }[]; seo?: { description: string; ogImage?: string | ... 1 more ... | undefined; } | undefined; hero?: { ...; } | undefined; }'.

[7m35[0m   description={data?.seoDescription || ""}
[7m  [0m [91m                     ~~~~~~~~~~~~~~[0m
[96msrc/pages/uslugi/prawo-karne.astro[0m:[93m28[0m:[93m57[0m - [91merror[0m[90m ts(2339): [0mProperty 'heroTitle' does not exist on type '{ title: string; features: { title: string; desc: string; icon?: string | undefined; }[]; faq: { question: string; answer: string; }[]; steps: { title: string; desc: string; }[]; seo?: { description: string; ogImage?: string | ... 1 more ... | undefined; } | undefined; hero?: { ...; } | undefined; }'.

[7m28[0m     { "@type": "ListItem", "position": 3, "name": data?.heroTitle || "Prawo karne", "item": "https://kancelariaabw.pl/uslugi/prawo-karne" },
[7m  [0m [91m                                                        ~~~~~~~~~[0m

[96msrc/pages/uslugi/prawo-nieruchomosci-wroclaw.astro[0m:[93m49[0m:[93m24[0m - [91merror[0m[90m ts(2339): [0mProperty 'heroDescription' does not exist on type '{ title: string; features: { title: string; desc: string; icon?: string | undefined; }[]; faq: { question: string; answer: string; }[]; steps: { title: string; desc: string; }[]; seo?: { description: string; ogImage?: string | ... 1 more ... | undefined; } | undefined; hero?: { ...; } | undefined; }'.

[7m49[0m     description={data?.heroDescription}
[7m  [0m [91m                       ~~~~~~~~~~~~~~~[0m
[96msrc/pages/uslugi/prawo-nieruchomosci-wroclaw.astro[0m:[93m48[0m:[93m21[0m - [91merror[0m[90m ts(2339): [0mProperty 'heroSubtitle' does not exist on type '{ title: string; features: { title: string; desc: string; icon?: string | undefined; }[]; faq: { question: string; answer: string; }[]; steps: { title: string; desc: string; }[]; seo?: { description: string; ogImage?: string | ... 1 more ... | undefined; } | undefined; hero?: { ...; } | undefined; }'.

[7m48[0m     subtitle={data?.heroSubtitle}
[7m  [0m [91m                    ~~~~~~~~~~~~[0m
[96msrc/pages/uslugi/prawo-nieruchomosci-wroclaw.astro[0m:[93m47[0m:[93m18[0m - [91merror[0m[90m ts(2339): [0mProperty 'heroTitle' does not exist on type '{ title: string; features: { title: string; desc: string; icon?: string | undefined; }[]; faq: { question: string; answer: string; }[]; steps: { title: string; desc: string; }[]; seo?: { description: string; ogImage?: string | ... 1 more ... | undefined; } | undefined; hero?: { ...; } | undefined; }'.

[7m47[0m     title={data?.heroTitle}
[7m  [0m [91m                 ~~~~~~~~~[0m
[96msrc/pages/uslugi/prawo-nieruchomosci-wroclaw.astro[0m:[93m38[0m:[93m22[0m - [91merror[0m[90m ts(2339): [0mProperty 'seoDescription' does not exist on type '{ title: string; features: { title: string; desc: string; icon?: string | undefined; }[]; faq: { question: string; answer: string; }[]; steps: { title: string; desc: string; }[]; seo?: { description: string; ogImage?: string | ... 1 more ... | undefined; } | undefined; hero?: { ...; } | undefined; }'.

[7m38[0m   description={data?.seoDescription || ""}
[7m  [0m [91m                     ~~~~~~~~~~~~~~[0m
[96msrc/pages/uslugi/prawo-nieruchomosci-wroclaw.astro[0m:[93m31[0m:[93m57[0m - [91merror[0m[90m ts(2339): [0mProperty 'heroTitle' does not exist on type '{ title: string; features: { title: string; desc: string; icon?: string | undefined; }[]; faq: { question: string; answer: string; }[]; steps: { title: string; desc: string; }[]; seo?: { description: string; ogImage?: string | ... 1 more ... | undefined; } | undefined; hero?: { ...; } | undefined; }'.

[7m31[0m     { "@type": "ListItem", "position": 3, "name": data?.heroTitle || "Nieruchomo┼øci", "item": "https://kancelariaabw.pl/uslugi/prawo-nieruchomosci-wroclaw" },
[7m  [0m [91m                                                        ~~~~~~~~~[0m
[96msrc/pages/uslugi/prawo-nieruchomosci-wroclaw.astro[0m:[93m19[0m:[93m24[0m - [91merror[0m[90m ts(2339): [0mProperty 'seoDescription' does not exist on type '{ title: string; features: { title: string; desc: string; icon?: string | undefined; }[]; faq: { question: string; answer: string; }[]; steps: { title: string; desc: string; }[]; seo?: { description: string; ogImage?: string | ... 1 more ... | undefined; } | undefined; hero?: { ...; } | undefined; }'.

[7m19[0m   "description": data?.seoDescription || "Obs┼éuga prawna w sprawach nieruchomo┼øci we Wroc┼éawiu",
[7m  [0m [91m                       ~~~~~~~~~~~~~~[0m

[96msrc/pages/uslugi/upadlosc-konsumencka-wroclaw.astro[0m:[93m52[0m:[93m24[0m - [91merror[0m[90m ts(2339): [0mProperty 'heroDescription' does not exist on type '{ title: string; features: { title: string; desc: string; icon?: string | undefined; }[]; faq: { question: string; answer: string; }[]; steps: { title: string; desc: string; }[]; seo?: { description: string; ogImage?: string | ... 1 more ... | undefined; } | undefined; hero?: { ...; } | undefined; }'.

[7m52[0m     description={data?.heroDescription}
[7m  [0m [91m                       ~~~~~~~~~~~~~~~[0m
[96msrc/pages/uslugi/upadlosc-konsumencka-wroclaw.astro[0m:[93m51[0m:[93m21[0m - [91merror[0m[90m ts(2339): [0mProperty 'heroSubtitle' does not exist on type '{ title: string; features: { title: string; desc: string; icon?: string | undefined; }[]; faq: { question: string; answer: string; }[]; steps: { title: string; desc: string; }[]; seo?: { description: string; ogImage?: string | ... 1 more ... | undefined; } | undefined; hero?: { ...; } | undefined; }'.

[7m51[0m     subtitle={data?.heroSubtitle}
[7m  [0m [91m                    ~~~~~~~~~~~~[0m
[96msrc/pages/uslugi/upadlosc-konsumencka-wroclaw.astro[0m:[93m50[0m:[93m18[0m - [91merror[0m[90m ts(2339): [0mProperty 'heroTitle' does not exist on type '{ title: string; features: { title: string; desc: string; icon?: string | undefined; }[]; faq: { question: string; answer: string; }[]; steps: { title: string; desc: string; }[]; seo?: { description: string; ogImage?: string | ... 1 more ... | undefined; } | undefined; hero?: { ...; } | undefined; }'.

[7m50[0m     title={data?.heroTitle}
[7m  [0m [91m                 ~~~~~~~~~[0m
[96msrc/pages/uslugi/upadlosc-konsumencka-wroclaw.astro[0m:[93m41[0m:[93m22[0m - [91merror[0m[90m ts(2339): [0mProperty 'seoDescription' does not exist on type '{ title: string; features: { title: string; desc: string; icon?: string | undefined; }[]; faq: { question: string; answer: string; }[]; steps: { title: string; desc: string; }[]; seo?: { description: string; ogImage?: string | ... 1 more ... | undefined; } | undefined; hero?: { ...; } | undefined; }'.

[7m41[0m   description={data?.seoDescription || ""}
[7m  [0m [91m                     ~~~~~~~~~~~~~~[0m
[96msrc/pages/uslugi/upadlosc-konsumencka-wroclaw.astro[0m:[93m34[0m:[93m57[0m - [91merror[0m[90m ts(2339): [0mProperty 'heroTitle' does not exist on type '{ title: string; features: { title: string; desc: string; icon?: string | undefined; }[]; faq: { question: string; answer: string; }[]; steps: { title: string; desc: string; }[]; seo?: { description: string; ogImage?: string | ... 1 more ... | undefined; } | undefined; hero?: { ...; } | undefined; }'.

[7m34[0m     { "@type": "ListItem", "position": 3, "name": data?.heroTitle || "Upad┼éo┼ø─ç konsumencka", "item": "https://kancelariaabw.pl/uslugi/upadlosc-konsumencka-wroclaw" },
[7m  [0m [91m                                                        ~~~~~~~~~[0m
[96msrc/pages/uslugi/upadlosc-konsumencka-wroclaw.astro[0m:[93m21[0m:[93m24[0m - [91merror[0m[90m ts(2339): [0mProperty 'seoDescription' does not exist on type '{ title: string; features: { title: string; desc: string; icon?: string | undefined; }[]; faq: { question: string; answer: string; }[]; steps: { title: string; desc: string; }[]; seo?: { description: string; ogImage?: string | ... 1 more ... | undefined; } | undefined; hero?: { ...; } | undefined; }'.

[7m21[0m   "description": data?.seoDescription || "Kompleksowa pomoc prawna przy upad┼éo┼øci konsumenckiej we Wroc┼éawiu",
[7m  [0m [91m                       ~~~~~~~~~~~~~~[0m

[96mscripts/create-cms-defaults.js[0m:[93m1[0m:[93m12[0m - [93mwarning[0m[90m ts(80001): [0mFile is a CommonJS module; it may be converted to an ES module.

[7m1[0m const fs = require('fs');
[7m [0m [93m           ~~~~~~~~~~~~~[0m

[96mscripts/create-legal-docs.js[0m:[93m1[0m:[93m12[0m - [93mwarning[0m[90m ts(80001): [0mFile is a CommonJS module; it may be converted to an ES module.

[7m1[0m const fs = require('fs');
[7m [0m [93m           ~~~~~~~~~~~~~[0m

[96mscripts/create-tools-info.js[0m:[93m1[0m:[93m12[0m - [93mwarning[0m[90m ts(80001): [0mFile is a CommonJS module; it may be converted to an ES module.

[7m1[0m const fs = require('fs');
[7m [0m [93m           ~~~~~~~~~~~~~[0m

[96mscripts/migrate-authors.js[0m:[93m1[0m:[93m12[0m - [93mwarning[0m[90m ts(80001): [0mFile is a CommonJS module; it may be converted to an ES module.

[7m1[0m const fs = require('fs');
[7m [0m [93m           ~~~~~~~~~~~~~[0m

[96mscripts/patch-keys.js[0m:[93m49[0m:[93m76[0m - [93mwarning[0m[90m ts(6133): [0m'p1' is declared but its value is never read.

[7m49[0m                 content = content.replace(/seo:\n((?:\s+.*?\n)*)/, (match, p1) => {
[7m  [0m [93m                                                                           ~~[0m
[96mscripts/patch-keys.js[0m:[93m49[0m:[93m69[0m - [93mwarning[0m[90m ts(6133): [0m'match' is declared but its value is never read.

[7m49[0m                 content = content.replace(/seo:\n((?:\s+.*?\n)*)/, (match, p1) => {
[7m  [0m [93m                                                                    ~~~~~[0m
[96mscripts/patch-keys.js[0m:[93m39[0m:[93m66[0m - [93mwarning[0m[90m ts(6133): [0m'match' is declared but its value is never read.

[7m39[0m             content = content.replace(/hero:\n((?:\s+.*?\n)+)/, (match, p1) => {
[7m  [0m [93m                                                                 ~~~~~[0m
[96mscripts/patch-keys.js[0m:[93m1[0m:[93m12[0m - [93mwarning[0m[90m ts(80001): [0mFile is a CommonJS module; it may be converted to an ES module.

[7m1[0m const fs = require('fs');
[7m [0m [93m           ~~~~~~~~~~~~~[0m

[96mscripts/test-keystatic.js[0m:[93m1[0m:[93m12[0m - [93mwarning[0m[90m ts(80001): [0mFile is a CommonJS module; it may be converted to an ES module.

[7m1[0m const fs = require('fs');
[7m [0m [93m           ~~~~~~~~~~~~~[0m

Result (57 files): 
- 47 errors
- 0 warnings
- 17 hints

error: script "check" exited with code 1
