$ astro check
[2m10:41:45[22m [34m[@astrojs/node][39m Enabling sessions with filesystem storage
[2m10:41:45[22m [34m[content][39m Syncing content
[2m10:41:45[22m [34m[content][39m Synced content
[2m10:41:45[22m [34m[types][39m Generated [2m182ms[22m
[2m10:41:45[22m [34m[check][39m Getting diagnostics for Astro files in C:\MyFiles\ProgrammingProjects\MamaWiki\kancelariaabw...
[96msrc/components/layout/Layout.astro[0m:[93m56[0m:[93m7[0m - [93mwarning[0m[90m astro(4000): [0mThis script will be treated as if it has the `is:inline` directive because it contains an attribute. Therefore, features that require processing (e.g. using TypeScript or npm packages in the script) are unavailable.

See docs for more details: https://docs.astro.build/en/guides/client-side-scripts/#script-processing.

Add the `is:inline` directive explicitly to silence this hint.

[7m56[0m       defer
[7m  [0m [93m      ~~~~~[0m

[96msrc/components/seo/StructuredData.astro[0m:[93m8[0m:[93m9[0m - [93mwarning[0m[90m astro(4000): [0mThis script will be treated as if it has the `is:inline` directive because it contains an attribute. Therefore, features that require processing (e.g. using TypeScript or npm packages in the script) are unavailable.

See docs for more details: https://docs.astro.build/en/guides/client-side-scripts/#script-processing.

Add the `is:inline` directive explicitly to silence this hint.

[7m8[0m <script type="application/ld+json" set:html={JSON.stringify(schema)} />
[7m [0m [93m        ~~~~[0m

[96msrc/pages/api/build.ts[0m:[93m7[0m:[93m38[0m - [93mwarning[0m[90m ts(6133): [0m'request' is declared but its value is never read.

[7m7[0m export const POST: APIRoute = async ({ request }) => {
[7m [0m [93m                                     ~~~~~~~~~~~[0m

[96msrc/pages/blog/[slug].astro[0m:[93m6[0m:[93m1[0m - [93mwarning[0m[90m ts(6133): [0m'Breadcrumb' is declared but its value is never read.

[7m6[0m import Breadcrumb from '@components/ui/Breadcrumb.astro';
[7m [0m [93m~~~~~~~~~~~~~~~~~~~~~~~~~~~~~~~~~~~~~~~~~~~~~~~~~~~~~~~~~[0m
[96msrc/pages/blog/[slug].astro[0m:[93m5[0m:[93m1[0m - [93mwarning[0m[90m ts(6133): [0m'Button' is declared but its value is never read.

[7m5[0m import Button from '@components/ui/Button.astro';
[7m [0m [93m~~~~~~~~~~~~~~~~~~~~~~~~~~~~~~~~~~~~~~~~~~~~~~~~~[0m
[96msrc/pages/blog/[slug].astro[0m:[93m2[0m:[93m10[0m - [93mwarning[0m[90m ts(6133): [0m'getCollection' is declared but its value is never read.

[7m2[0m import { getCollection, getEntry } from 'astro:content';
[7m [0m [93m         ~~~~~~~~~~~~~[0m

[96msrc/pages/uslugi/index.astro[0m:[93m5[0m:[93m1[0m - [93mwarning[0m[90m ts(6133): [0m'Button' is declared but its value is never read.

[7m5[0m import Button from '@components/ui/Button.astro';
[7m [0m [93m~~~~~~~~~~~~~~~~~~~~~~~~~~~~~~~~~~~~~~~~~~~~~~~~~[0m
[96msrc/pages/uslugi/index.astro[0m:[93m4[0m:[93m1[0m - [93mwarning[0m[90m ts(6133): [0m'ServiceCard' is declared but its value is never read.

[7m4[0m import ServiceCard from '@components/ui/ServiceCard.astro';
[7m [0m [93m~~~~~~~~~~~~~~~~~~~~~~~~~~~~~~~~~~~~~~~~~~~~~~~~~~~~~~~~~~~[0m

[96mscripts/create-cms-defaults.ts[0m:[93m28[0m:[93m9[0m - [91merror[0m[90m ts(2339): [0mProperty 'footerNav' does not exist on type '{}'.

[7m28[0m contact.footerNav = [
[7m  [0m [91m        ~~~~~~~~~[0m
[96mscripts/create-cms-defaults.ts[0m:[93m19[0m:[93m9[0m - [91merror[0m[90m ts(2339): [0mProperty 'headerNav' does not exist on type '{}'.

[7m19[0m contact.headerNav = [
[7m  [0m [91m        ~~~~~~~~~[0m

[96mscripts/migrate.ts[0m:[93m24[0m:[93m32[0m - [91merror[0m[90m ts(7006): [0mParameter 'd' implicitly has an 'any' type.

[7m24[0m         'servicesIndex.json': (d) => ({
[7m  [0m [91m                               ~[0m
[96mscripts/migrate.ts[0m:[93m19[0m:[93m26[0m - [91merror[0m[90m ts(7006): [0mParameter 'd' implicitly has an 'any' type.

[7m19[0m         'pricing.json': (d) => ({
[7m  [0m [91m                         ~[0m
[96mscripts/migrate.ts[0m:[93m14[0m:[93m24[0m - [91merror[0m[90m ts(7006): [0mParameter 'd' implicitly has an 'any' type.

[7m14[0m         'about.json': (d) => ({
[7m  [0m [91m                       ~[0m
[96mscripts/migrate.ts[0m:[93m9[0m:[93m27[0m - [91merror[0m[90m ts(7006): [0mParameter 'd' implicitly has an 'any' type.

[7m9[0m         'homepage.json': (d) => ({
[7m [0m [91m                          ~[0m
[96mscripts/migrate.ts[0m:[93m5[0m:[93m7[0m - [93mwarning[0m[90m ts(6133): [0m'__dirname' is declared but its value is never read.

[7m5[0m const __dirname = path.dirname(__filename);
[7m [0m [93m      ~~~~~~~~~[0m

[96mscripts/patch-keys.ts[0m:[93m52[0m:[93m76[0m - [93mwarning[0m[90m ts(6133): [0m'p1' is declared but its value is never read.

[7m52[0m                 content = content.replace(/seo:\n((?:\s+.*?\n)*)/, (match, p1) => {
[7m  [0m [93m                                                                           ~~[0m
[96mscripts/patch-keys.ts[0m:[93m52[0m:[93m69[0m - [93mwarning[0m[90m ts(6133): [0m'match' is declared but its value is never read.

[7m52[0m                 content = content.replace(/seo:\n((?:\s+.*?\n)*)/, (match, p1) => {
[7m  [0m [93m                                                                    ~~~~~[0m
[96mscripts/patch-keys.ts[0m:[93m42[0m:[93m66[0m - [93mwarning[0m[90m ts(6133): [0m'match' is declared but its value is never read.

[7m42[0m             content = content.replace(/hero:\n((?:\s+.*?\n)+)/, (match, p1) => {
[7m  [0m [93m                                                                 ~~~~~[0m
[96mscripts/patch-keys.ts[0m:[93m5[0m:[93m7[0m - [93mwarning[0m[90m ts(6133): [0m'__dirname' is declared but its value is never read.

[7m5[0m const __dirname = path.dirname(__filename);
[7m [0m [93m      ~~~~~~~~~[0m

[96mscripts/rename-to-mdoc.ts[0m:[93m9[0m:[93m7[0m - [91merror[0m[90m ts(2451): [0mCannot redeclare block-scoped variable '__dirname'.

[7m9[0m const __dirname = path.dirname(__filename);
[7m [0m [91m      ~~~~~~~~~[0m
[96mscripts/rename-to-mdoc.ts[0m:[93m8[0m:[93m7[0m - [91merror[0m[90m ts(2451): [0mCannot redeclare block-scoped variable '__filename'.

[7m8[0m const __filename = fileURLToPath(import.meta.url);
[7m [0m [91m      ~~~~~~~~~~[0m
[96mscripts/rename-to-mdoc.ts[0m:[93m6[0m:[93m10[0m - [91merror[0m[90m ts(2300): [0mDuplicate identifier 'fileURLToPath'.

[7m6[0m import { fileURLToPath } from 'url';
[7m [0m [91m         ~~~~~~~~~~~~~[0m
[96mscripts/rename-to-mdoc.ts[0m:[93m5[0m:[93m7[0m - [91merror[0m[90m ts(2451): [0mCannot redeclare block-scoped variable '__dirname'.

[7m5[0m const __dirname = path.dirname(__filename);
[7m [0m [91m      ~~~~~~~~~[0m
[96mscripts/rename-to-mdoc.ts[0m:[93m4[0m:[93m7[0m - [91merror[0m[90m ts(2451): [0mCannot redeclare block-scoped variable '__filename'.

[7m4[0m const __filename = fileURLToPath(import.meta.url);
[7m [0m [91m      ~~~~~~~~~~[0m
[96mscripts/rename-to-mdoc.ts[0m:[93m3[0m:[93m10[0m - [91merror[0m[90m ts(2300): [0mDuplicate identifier 'fileURLToPath'.

[7m3[0m import { fileURLToPath } from 'url';
[7m [0m [91m         ~~~~~~~~~~~~~[0m

[96mscripts/test-keystatic.ts[0m:[93m5[0m:[93m7[0m - [93mwarning[0m[90m ts(6133): [0m'__dirname' is declared but its value is never read.

[7m5[0m const __dirname = path.dirname(__filename);
[7m [0m [93m      ~~~~~~~~~[0m

Result (57 files): 
- 12 errors
- 0 warnings
- 14 hints

error: script "check" exited with code 1
