[WebServer] $ astro dev

Running 100 tests using 2 workers

  Г”ВЈГҝ    1 [chromium] Г”ГҮв•‘ tests\accessibility\axe.spec.ts:20:9 Г”ГҮв•‘ Accessibility Г”ГҮГ¶ WCAG 2.1 AA Г”ГҮв•‘ / Г”ГҮГ¶ brak naruszeв”јГӨ WCAG AA (1.2s)
  Г”ВЈГҝ    2 [chromium] Г”ГҮв•‘ tests\accessibility\axe.spec.ts:20:9 Г”ГҮв•‘ Accessibility Г”ГҮГ¶ WCAG 2.1 AA Г”ГҮв•‘ /o-mnie Г”ГҮГ¶ brak naruszeв”јГӨ WCAG AA (1.2s)
  Г”ВЈГҝ    3 [chromium] Г”ГҮв•‘ tests\accessibility\axe.spec.ts:20:9 Г”ГҮв•‘ Accessibility Г”ГҮГ¶ WCAG 2.1 AA Г”ГҮв•‘ /uslugi Г”ГҮГ¶ brak naruszeв”јГӨ WCAG AA (1.2s)
  Г”ВЈГҝ    4 [chromium] Г”ГҮв•‘ tests\accessibility\axe.spec.ts:20:9 Г”ГҮв•‘ Accessibility Г”ГҮГ¶ WCAG 2.1 AA Г”ГҮв•‘ /uslugi/prawo-rodzinne Г”ГҮГ¶ brak naruszeв”јГӨ WCAG AA (1.2s)
  Г”ВЈГҝ    5 [chromium] Г”ГҮв•‘ tests\accessibility\axe.spec.ts:20:9 Г”ГҮв•‘ Accessibility Г”ГҮГ¶ WCAG 2.1 AA Г”ГҮв•‘ /uslugi/prawo-cywilne Г”ГҮГ¶ brak naruszeв”јГӨ WCAG AA (1.1s)
  Г”ВЈГҝ    6 [chromium] Г”ГҮв•‘ tests\accessibility\axe.spec.ts:20:9 Г”ГҮв•‘ Accessibility Г”ГҮГ¶ WCAG 2.1 AA Г”ГҮв•‘ /uslugi/prawo-karne Г”ГҮГ¶ brak naruszeв”јГӨ WCAG AA (1.2s)
  Г”ВЈГҝ    7 [chromium] Г”ГҮв•‘ tests\accessibility\axe.spec.ts:20:9 Г”ГҮв•‘ Accessibility Г”ГҮГ¶ WCAG 2.1 AA Г”ГҮв•‘ /cennik Г”ГҮГ¶ brak naruszeв”јГӨ WCAG AA (1.1s)
  Г”ВЈГҝ    8 [chromium] Г”ГҮв•‘ tests\accessibility\axe.spec.ts:20:9 Г”ГҮв•‘ Accessibility Г”ГҮГ¶ WCAG 2.1 AA Г”ГҮв•‘ /kontakt Г”ГҮГ¶ brak naruszeв”јГӨ WCAG AA (1.2s)
  Г”ВЈГҝ    9 [chromium] Г”ГҮв•‘ tests\accessibility\axe.spec.ts:20:9 Г”ГҮв•‘ Accessibility Г”ГҮГ¶ WCAG 2.1 AA Г”ГҮв•‘ /blog Г”ГҮГ¶ brak naruszeв”јГӨ WCAG AA (1.2s)
  Г”ВЈГҝ   10 [chromium] Г”ГҮв•‘ tests\accessibility\axe.spec.ts:20:9 Г”ГҮв•‘ Accessibility Г”ГҮГ¶ WCAG 2.1 AA Г”ГҮв•‘ /polityka-prywatnosci Г”ГҮГ¶ brak naruszeв”јГӨ WCAG AA (1.1s)
  Г”ВЈГҙ   12 [chromium] Г”ГҮв•‘ tests\accessibility\axe.spec.ts:40:5 Г”ГҮв•‘ Accessibility Г”ГҮГ¶ WCAG 2.1 AA Г”ГҮв•‘ Formularz kontaktowy Г”ГҮГ¶ pola majв”ҖГ  etykiety (for/id matching) (749ms)
  Г”ВЈГҝ   11 [chromium] Г”ГҮв•‘ tests\accessibility\axe.spec.ts:20:9 Г”ГҮв•‘ Accessibility Г”ГҮГ¶ WCAG 2.1 AA Г”ГҮв•‘ /regulamin Г”ГҮГ¶ brak naruszeв”јГӨ WCAG AA (1.1s)
  Г”ВЈГҙ   13 [chromium] Г”ГҮв•‘ tests\accessibility\axe.spec.ts:57:5 Г”ГҮв•‘ Accessibility Г”ГҮГ¶ WCAG 2.1 AA Г”ГҮв•‘ Nawigacja Г”ГҮГ¶ linki majв”ҖГ  teksty (no icon-only links) (723ms)
Crawler wyodrв”ҖГ–bniв”јГ© 16 unikalnych linkв”ңв”Ӯw wewnв”ҖГ–trznych ze strony gв”јГ©в”ңв”Ӯwnej do przetestowania: [
  [32m'/api/exit-preview'[39m,
  [32m'/'[39m,
  [32m'/uslugi'[39m,
  [32m'/cennik'[39m,
  [32m'/blog'[39m,
  [32m'/narzedzia'[39m,
  [32m'/o-mnie'[39m,
  [32m'/kontakt'[39m,
  [32m'/uslugi/prawo-rodzinne'[39m,
  [32m'/uslugi/prawo-cywilne'[39m,
  [32m'/uslugi/prawo-karne'[39m,
  [32m'/uslugi/prawo-gospodarcze'[39m,
  [32m'/polityka-prywatnosci'[39m,
  [32m'/regulamin'[39m,
  [32m'/przetwarzanie-danych'[39m,
  [32m'/keystatic'[39m
]
  Г”ВЈГҙ   15 [chromium] Г”ГҮв•‘ tests\accessibility\axe.spec.ts:71:5 Г”ГҮв•‘ Accessibility Г”ГҮГ¶ WCAG 2.1 AA Г”ГҮв•‘ Obrazy majв”ҖГ  alt attribute (734ms)
  Г”ВЈГҙ   14 [chromium] Г”ГҮв•‘ tests\crawler.spec.ts:7:3 Г”ГҮв•‘ Globalny Crawler Linkв”ңв”Ӯw Wewnв”ҖГ–trznych Г”ГҮв•‘ Przechodzi przez wszystkie wewnв”ҖГ–trzne linki ze strony gв”јГ©в”ңв”Ӯwnej (kod statusu 200, brak bв”јГ©в”ҖГ–dв”ңв”Ӯw) (1.3s)
  Г”ВЈГҙ   16 [chromium] Г”ГҮв•‘ tests\e2e\contact-form.spec.ts:12:5 Г”ГҮв•‘ Formularz kontaktowy Г”ГҮв•‘ Formularz renderuje siв”ҖГ– z wymaganymi polami (2.0s)
  Г”ВЈГҙ   17 [chromium] Г”ГҮв•‘ tests\e2e\contact-form.spec.ts:20:5 Г”ГҮв•‘ Formularz kontaktowy Г”ГҮв•‘ Walidacja Г”ГҮГ¶ puste pola pokazujв”ҖГ  bв”јГ©в”ҖГ d (2.0s)
  Г”ВЈГҙ   18 [chromium] Г”ГҮв•‘ tests\e2e\contact-form.spec.ts:28:5 Г”ГҮв•‘ Formularz kontaktowy Г”ГҮв•‘ Walidacja Г”ГҮГ¶ zв”јГ©y format email (2.1s)
  Г”ВЈГҙ   19 [chromium] Г”ГҮв•‘ tests\e2e\contact-form.spec.ts:41:5 Г”ГҮв•‘ Formularz kontaktowy Г”ГҮв•‘ Honeypot Г”ГҮГ¶ pole ukryte klasв”ҖГ  sr-only (2.0s)
  Г”ВЈГҙ   20 [chromium] Г”ГҮв•‘ tests\e2e\contact-form.spec.ts:51:5 Г”ГҮв•‘ Formularz kontaktowy Г”ГҮв•‘ Formularz z poprawnymi danymi pokazuje loading state (2.2s)
  Г”ВЈГҙ   21 [chromium] Г”ГҮв•‘ tests\e2e\contact-form.spec.ts:70:5 Г”ГҮв•‘ Formularz kontaktowy Г”ГҮв•‘ Sukces state Г”ГҮГ¶ wyв”јГёwietla siв”ҖГ– po udanym wysв”јГ©aniu (2.2s)
  Г”ВЈГҙ   23 [chromium] Г”ГҮв•‘ tests\e2e\navigation.spec.ts:36:5 Г”ГҮв•‘ Nawigacja Г”ГҮв•‘ Logo prowadzi do strony gв”јГ©в”ңв”Ӯwnej (798ms)
  Г”ВЈГҙ   22 [chromium] Г”ГҮв•‘ tests\e2e\navigation.spec.ts:27:5 Г”ГҮв•‘ Nawigacja Г”ГҮв•‘ Wszystkie linki w nawigacji prowadzв”ҖГ  do istniejв”ҖГ cych stron (1.6s)
  Г”ВЈГҙ   24 [chromium] Г”ГҮв•‘ tests\e2e\navigation.spec.ts:43:5 Г”ГҮв•‘ Nawigacja Г”ГҮв•‘ CTA "Umв”ңв”Ӯw konsultacjв”ҖГ–" prowadzi do /kontakt (777ms)
  Г”ВЈГҙ   25 [chromium] Г”ГҮв•‘ tests\e2e\navigation.spec.ts:51:5 Г”ГҮв•‘ Nawigacja Г”ГҮв•‘ Linki w footer prowadzв”ҖГ  poprawnie (prawne) (694ms)
  Г”ВЈГҙ   27 [chromium] Г”ГҮв•‘ tests\e2e\navigation.spec.ts:74:5 Г”ГҮв•‘ Nawigacja Г”ГҮв•‘ Breadcrumby na podstronach dziaв”јГ©ajв”ҖГ  (745ms)
  Г”ВЈГҙ   28 [chromium] Г”ГҮв•‘ tests\e2e\responsive.spec.ts:30:13 Г”ГҮв•‘ Responsywnoв”јГёв”ҖГ§ Г”ГҮГ¶ mobile-sm (375px) Г”ГҮв•‘ Strona gв”јГ©в”ңв”Ӯwna [/] renderuje siв”ҖГ– bez overflow (669ms)
