
Running 56 tests using 10 workers

  Г”ВЈГґ   2 [chromium] Г”Г‡в•‘ tests\e2e\responsive.spec.ts:30:13 Г”Г‡в•‘ Responsywnoв”јГёв”ЂГ§ Г”Г‡Г¶ mobile-sm (375px) Г”Г‡в•‘ O mnie [/o-mnie] renderuje siв”ЂГ– bez overflow (803ms)
  Г”ВЈГґ   3 [chromium] Г”Г‡в•‘ tests\e2e\responsive.spec.ts:30:13 Г”Г‡в•‘ Responsywnoв”јГёв”ЂГ§ Г”Г‡Г¶ mobile-sm (375px) Г”Г‡в•‘ Usв”јГ©ugi [/uslugi] renderuje siв”ЂГ– bez overflow (923ms)
  Г”ВЈГґ  10 [chromium] Г”Г‡в•‘ tests\e2e\responsive.spec.ts:30:13 Г”Г‡в•‘ Responsywnoв”јГёв”ЂГ§ Г”Г‡Г¶ mobile-sm (375px) Г”Г‡в•‘ Blog [/blog] renderuje siв”ЂГ– bez overflow (832ms)
  Г”ВЈГґ   8 [chromium] Г”Г‡в•‘ tests\e2e\responsive.spec.ts:30:13 Г”Г‡в•‘ Responsywnoв”јГёв”ЂГ§ Г”Г‡Г¶ mobile-sm (375px) Г”Г‡в•‘ Cennik [/cennik] renderuje siв”ЂГ– bez overflow (848ms)
  Г”ВЈГґ   9 [chromium] Г”Г‡в•‘ tests\e2e\responsive.spec.ts:30:13 Г”Г‡в•‘ Responsywnoв”јГёв”ЂГ§ Г”Г‡Г¶ mobile-sm (375px) Г”Г‡в•‘ Strona gв”јГ©в”њв”‚wna [/] renderuje siв”ЂГ– bez overflow (918ms)
  Г”ВЈГґ   5 [chromium] Г”Г‡в•‘ tests\e2e\responsive.spec.ts:30:13 Г”Г‡в•‘ Responsywnoв”јГёв”ЂГ§ Г”Г‡Г¶ mobile-sm (375px) Г”Г‡в•‘ Polityka prywatnoв”јГёci [/polityka-prywatnosci] renderuje siв”ЂГ– bez overflow (941ms)
  Г”ВЈГґ   7 [chromium] Г”Г‡в•‘ tests\e2e\responsive.spec.ts:30:13 Г”Г‡в•‘ Responsywnoв”јГёв”ЂГ§ Г”Г‡Г¶ mobile-sm (375px) Г”Г‡в•‘ Prawo rodzinne [/uslugi/prawo-rodzinne] renderuje siв”ЂГ– bez overflow (1.1s)
  Г”ВЈГґ   1 [chromium] Г”Г‡в•‘ tests\e2e\responsive.spec.ts:30:13 Г”Г‡в•‘ Responsywnoв”јГёв”ЂГ§ Г”Г‡Г¶ mobile-sm (375px) Г”Г‡в•‘ Prawo cywilne [/uslugi/prawo-cywilne] renderuje siв”ЂГ– bez overflow (1.2s)
  Г”ВЈГґ   4 [chromium] Г”Г‡в•‘ tests\e2e\responsive.spec.ts:30:13 Г”Г‡в•‘ Responsywnoв”јГёв”ЂГ§ Г”Г‡Г¶ mobile-sm (375px) Г”Г‡в•‘ Prawo karne [/uslugi/prawo-karne] renderuje siв”ЂГ– bez overflow (1.2s)
  Г”ВЈГґ   6 [chromium] Г”Г‡в•‘ tests\e2e\responsive.spec.ts:30:13 Г”Г‡в•‘ Responsywnoв”јГёв”ЂГ§ Г”Г‡Г¶ mobile-sm (375px) Г”Г‡в•‘ Kontakt [/kontakt] renderuje siв”ЂГ– bez overflow (1.4s)
  Г”ВЈГґ  11 [chromium] Г”Г‡в•‘ tests\e2e\responsive.spec.ts:30:13 Г”Г‡в•‘ Responsywnoв”јГёв”ЂГ§ Г”Г‡Г¶ mobile-sm (375px) Г”Г‡в•‘ Regulamin [/regulamin] renderuje siв”ЂГ– bez overflow (785ms)
  Г”ВЈГґ  13 [chromium] Г”Г‡в•‘ tests\e2e\responsive.spec.ts:43:9 Г”Г‡в•‘ Responsywnoв”јГёв”ЂГ§ Г”Г‡Г¶ mobile-sm (375px) Г”Г‡в•‘ Nawigacja hamburger widoczna na mobile (775ms)
  Г”ВЈГґ  14 [chromium] Г”Г‡в•‘ tests\e2e\responsive.spec.ts:51:9 Г”Г‡в•‘ Responsywnoв”јГёв”ЂГ§ Г”Г‡Г¶ mobile-sm (375px) Г”Г‡в•‘ CTA "Umв”њв”‚w konsultacjв”ЂГ–" obecny na ekranie gв”јГ©в”њв”‚wnym (nawet przed animacjв”ЂГ  klasy Reveal) (772ms)
  Г”ВЈГґ  16 [chromium] Г”Г‡в•‘ tests\e2e\responsive.spec.ts:30:13 Г”Г‡в•‘ Responsywnoв”јГёв”ЂГ§ Г”Г‡Г¶ tablet (768px) Г”Г‡в•‘ Strona gв”јГ©в”њв”‚wna [/] renderuje siв”ЂГ– bez overflow (787ms)
  Г”ВЈГґ  15 [chromium] Г”Г‡в•‘ tests\e2e\responsive.spec.ts:30:13 Г”Г‡в•‘ Responsywnoв”јГёв”ЂГ§ Г”Г‡Г¶ tablet (768px) Г”Г‡в•‘ O mnie [/o-mnie] renderuje siв”ЂГ– bez overflow (794ms)
  Г”ВЈГґ  12 [chromium] Г”Г‡в•‘ tests\e2e\responsive.spec.ts:30:13 Г”Г‡в•‘ Responsywnoв”јГёв”ЂГ§ Г”Г‡Г¶ mobile-sm (375px) Г”Г‡в•‘ Przetwarzanie danych [/przetwarzanie-danych] renderuje siв”ЂГ– bez overflow (1.2s)
  Г”ВЈГґ  18 [chromium] Г”Г‡в•‘ tests\e2e\responsive.spec.ts:30:13 Г”Г‡в•‘ Responsywnoв”јГёв”ЂГ§ Г”Г‡Г¶ tablet (768px) Г”Г‡в•‘ Prawo rodzinne [/uslugi/prawo-rodzinne] renderuje siв”ЂГ– bez overflow (1.0s)
  Г”ВЈГґ  20 [chromium] Г”Г‡в•‘ tests\e2e\responsive.spec.ts:30:13 Г”Г‡в•‘ Responsywnoв”јГёв”ЂГ§ Г”Г‡Г¶ tablet (768px) Г”Г‡в•‘ Prawo karne [/uslugi/prawo-karne] renderuje siв”ЂГ– bez overflow (813ms)
  Г”ВЈГґ  17 [chromium] Г”Г‡в•‘ tests\e2e\responsive.spec.ts:30:13 Г”Г‡в•‘ Responsywnoв”јГёв”ЂГ§ Г”Г‡Г¶ tablet (768px) Г”Г‡в•‘ Usв”јГ©ugi [/uslugi] renderuje siв”ЂГ– bez overflow (1.1s)
  Г”ВЈГґ  19 [chromium] Г”Г‡в•‘ tests\e2e\responsive.spec.ts:30:13 Г”Г‡в•‘ Responsywnoв”јГёв”ЂГ§ Г”Г‡Г¶ tablet (768px) Г”Г‡в•‘ Prawo cywilne [/uslugi/prawo-cywilne] renderuje siв”ЂГ– bez overflow (1.0s)
  Г”ВЈГґ  21 [chromium] Г”Г‡в•‘ tests\e2e\responsive.spec.ts:30:13 Г”Г‡в•‘ Responsywnoв”јГёв”ЂГ§ Г”Г‡Г¶ tablet (768px) Г”Г‡в•‘ Cennik [/cennik] renderuje siв”ЂГ– bez overflow (767ms)
  Г”ВЈГґ  27 [chromium] Г”Г‡в•‘ tests\e2e\responsive.spec.ts:43:9 Г”Г‡в•‘ Responsywnoв”јГёв”ЂГ§ Г”Г‡Г¶ tablet (768px) Г”Г‡в•‘ Nawigacja hamburger widoczna na mobile (130ms)
  Г”ВЈГґ  22 [chromium] Г”Г‡в•‘ tests\e2e\responsive.spec.ts:30:13 Г”Г‡в•‘ Responsywnoв”јГёв”ЂГ§ Г”Г‡Г¶ tablet (768px) Г”Г‡в•‘ Kontakt [/kontakt] renderuje siв”ЂГ– bez overflow (780ms)
  Г”ВЈГґ  23 [chromium] Г”Г‡в•‘ tests\e2e\responsive.spec.ts:30:13 Г”Г‡в•‘ Responsywnoв”јГёв”ЂГ§ Г”Г‡Г¶ tablet (768px) Г”Г‡в•‘ Blog [/blog] renderuje siв”ЂГ– bez overflow (778ms)
  Г”ВЈГґ  24 [chromium] Г”Г‡в•‘ tests\e2e\responsive.spec.ts:30:13 Г”Г‡в•‘ Responsywnoв”јГёв”ЂГ§ Г”Г‡Г¶ tablet (768px) Г”Г‡в•‘ Polityka prywatnoв”јГёci [/polityka-prywatnosci] renderuje siв”ЂГ– bez overflow (762ms)
  Г”ВЈГґ  25 [chromium] Г”Г‡в•‘ tests\e2e\responsive.spec.ts:30:13 Г”Г‡в•‘ Responsywnoв”јГёв”ЂГ§ Г”Г‡Г¶ tablet (768px) Г”Г‡в•‘ Regulamin [/regulamin] renderuje siв”ЂГ– bez overflow (774ms)
  Г”ВЈГґ  26 [chromium] Г”Г‡в•‘ tests\e2e\responsive.spec.ts:30:13 Г”Г‡в•‘ Responsywnoв”јГёв”ЂГ§ Г”Г‡Г¶ tablet (768px) Г”Г‡в•‘ Przetwarzanie danych [/przetwarzanie-danych] renderuje siв”ЂГ– bez overflow (756ms)
  Г”ВЈГґ  28 [chromium] Г”Г‡в•‘ tests\e2e\responsive.spec.ts:51:9 Г”Г‡в•‘ Responsywnoв”јГёв”ЂГ§ Г”Г‡Г¶ tablet (768px) Г”Г‡в•‘ CTA "Umв”њв”‚w konsultacjв”ЂГ–" obecny na ekranie gв”јГ©в”њв”‚wnym (nawet przed animacjв”ЂГ  klasy Reveal) (817ms)
  Г”ВЈГґ  29 [chromium] Г”Г‡в•‘ tests\e2e\responsive.spec.ts:30:13 Г”Г‡в•‘ Responsywnoв”јГёв”ЂГ§ Г”Г‡Г¶ desktop (1280px) Г”Г‡в•‘ Strona gв”јГ©в”њв”‚wna [/] renderuje siв”ЂГ– bez overflow (824ms)
  Г”ВЈГґ  30 [chromium] Г”Г‡в•‘ tests\e2e\responsive.spec.ts:30:13 Г”Г‡в•‘ Responsywnoв”јГёв”ЂГ§ Г”Г‡Г¶ desktop (1280px) Г”Г‡в•‘ O mnie [/o-mnie] renderuje siв”ЂГ– bez overflow (867ms)
  Г”ВЈГґ  32 [chromium] Г”Г‡в•‘ tests\e2e\responsive.spec.ts:30:13 Г”Г‡в•‘ Responsywnoв”јГёв”ЂГ§ Г”Г‡Г¶ desktop (1280px) Г”Г‡в•‘ Prawo rodzinne [/uslugi/prawo-rodzinne] renderuje siв”ЂГ– bez overflow (840ms)
  Г”ВЈГґ  31 [chromium] Г”Г‡в•‘ tests\e2e\responsive.spec.ts:30:13 Г”Г‡в•‘ Responsywnoв”јГёв”ЂГ§ Г”Г‡Г¶ desktop (1280px) Г”Г‡в•‘ Usв”јГ©ugi [/uslugi] renderuje siв”ЂГ– bez overflow (876ms)
  Г”ВЈГґ  41 [chromium] Г”Г‡в•‘ tests\e2e\responsive.spec.ts:43:9 Г”Г‡в•‘ Responsywnoв”јГёв”ЂГ§ Г”Г‡Г¶ desktop (1280px) Г”Г‡в•‘ Nawigacja hamburger widoczna na mobile (112ms)
  Г”ВЈГґ  33 [chromium] Г”Г‡в•‘ tests\e2e\responsive.spec.ts:30:13 Г”Г‡в•‘ Responsywnoв”јГёв”ЂГ§ Г”Г‡Г¶ desktop (1280px) Г”Г‡в•‘ Prawo cywilne [/uslugi/prawo-cywilne] renderuje siв”ЂГ– bez overflow (806ms)
  Г”ВЈГґ  34 [chromium] Г”Г‡в•‘ tests\e2e\responsive.spec.ts:30:13 Г”Г‡в•‘ Responsywnoв”јГёв”ЂГ§ Г”Г‡Г¶ desktop (1280px) Г”Г‡в•‘ Prawo karne [/uslugi/prawo-karne] renderuje siв”ЂГ– bez overflow (811ms)
  Г”ВЈГґ  35 [chromium] Г”Г‡в•‘ tests\e2e\responsive.spec.ts:30:13 Г”Г‡в•‘ Responsywnoв”јГёв”ЂГ§ Г”Г‡Г¶ desktop (1280px) Г”Г‡в•‘ Cennik [/cennik] renderuje siв”ЂГ– bez overflow (796ms)
  Г”ВЈГґ  36 [chromium] Г”Г‡в•‘ tests\e2e\responsive.spec.ts:30:13 Г”Г‡в•‘ Responsywnoв”јГёв”ЂГ§ Г”Г‡Г¶ desktop (1280px) Г”Г‡в•‘ Kontakt [/kontakt] renderuje siв”ЂГ– bez overflow (826ms)
  Г”ВЈГґ  37 [chromium] Г”Г‡в•‘ tests\e2e\responsive.spec.ts:30:13 Г”Г‡в•‘ Responsywnoв”јГёв”ЂГ§ Г”Г‡Г¶ desktop (1280px) Г”Г‡в•‘ Blog [/blog] renderuje siв”ЂГ– bez overflow (772ms)
  Г”ВЈГґ  38 [chromium] Г”Г‡в•‘ tests\e2e\responsive.spec.ts:30:13 Г”Г‡в•‘ Responsywnoв”јГёв”ЂГ§ Г”Г‡Г¶ desktop (1280px) Г”Г‡в•‘ Polityka prywatnoв”јГёci [/polityka-prywatnosci] renderuje siв”ЂГ– bez overflow (774ms)
  Г”ВЈГґ  39 [chromium] Г”Г‡в•‘ tests\e2e\responsive.spec.ts:30:13 Г”Г‡в•‘ Responsywnoв”јГёв”ЂГ§ Г”Г‡Г¶ desktop (1280px) Г”Г‡в•‘ Regulamin [/regulamin] renderuje siв”ЂГ– bez overflow (766ms)
  Г”ВЈГґ  40 [chromium] Г”Г‡в•‘ tests\e2e\responsive.spec.ts:30:13 Г”Г‡в•‘ Responsywnoв”јГёв”ЂГ§ Г”Г‡Г¶ desktop (1280px) Г”Г‡в•‘ Przetwarzanie danych [/przetwarzanie-danych] renderuje siв”ЂГ– bez overflow (799ms)
  Г”ВЈГґ  42 [chromium] Г”Г‡в•‘ tests\e2e\responsive.spec.ts:51:9 Г”Г‡в•‘ Responsywnoв”јГёв”ЂГ§ Г”Г‡Г¶ desktop (1280px) Г”Г‡в•‘ CTA "Umв”њв”‚w konsultacjв”ЂГ–" obecny na ekranie gв”јГ©в”њв”‚wnym (nawet przed animacjв”ЂГ  klasy Reveal) (804ms)
  Г”ВЈГґ  44 [chromium] Г”Г‡в•‘ tests\e2e\responsive.spec.ts:30:13 Г”Г‡в•‘ Responsywnoв”јГёв”ЂГ§ Г”Г‡Г¶ wide (1920px) Г”Г‡в•‘ O mnie [/o-mnie] renderuje siв”ЂГ– bez overflow (805ms)
  Г”ВЈГґ  46 [chromium] Г”Г‡в•‘ tests\e2e\responsive.spec.ts:30:13 Г”Г‡в•‘ Responsywnoв”јГёв”ЂГ§ Г”Г‡Г¶ wide (1920px) Г”Г‡в•‘ Prawo rodzinne [/uslugi/prawo-rodzinne] renderuje siв”ЂГ– bez overflow (823ms)
  Г”ВЈГґ  43 [chromium] Г”Г‡в•‘ tests\e2e\responsive.spec.ts:30:13 Г”Г‡в•‘ Responsywnoв”јГёв”ЂГ§ Г”Г‡Г¶ wide (1920px) Г”Г‡в•‘ Strona gв”јГ©в”њв”‚wna [/] renderuje siв”ЂГ– bez overflow (872ms)
  Г”ВЈГґ  47 [chromium] Г”Г‡в•‘ tests\e2e\responsive.spec.ts:30:13 Г”Г‡в•‘ Responsywnoв”јГёв”ЂГ§ Г”Г‡Г¶ wide (1920px) Г”Г‡в•‘ Prawo cywilne [/uslugi/prawo-cywilne] renderuje siв”ЂГ– bez overflow (809ms)
  Г”ВЈГґ  45 [chromium] Г”Г‡в•‘ tests\e2e\responsive.spec.ts:30:13 Г”Г‡в•‘ Responsywnoв”јГёв”ЂГ§ Г”Г‡Г¶ wide (1920px) Г”Г‡в•‘ Usв”јГ©ugi [/uslugi] renderuje siв”ЂГ– bez overflow (866ms)
  Г”ВЈГґ  55 [chromium] Г”Г‡в•‘ tests\e2e\responsive.spec.ts:43:9 Г”Г‡в•‘ Responsywnoв”јГёв”ЂГ§ Г”Г‡Г¶ wide (1920px) Г”Г‡в•‘ Nawigacja hamburger widoczna na mobile (137ms)
  Г”ВЈГґ  48 [chromium] Г”Г‡в•‘ tests\e2e\responsive.spec.ts:30:13 Г”Г‡в•‘ Responsywnoв”јГёв”ЂГ§ Г”Г‡Г¶ wide (1920px) Г”Г‡в•‘ Prawo karne [/uslugi/prawo-karne] renderuje siв”ЂГ– bez overflow (804ms)
  Г”ВЈГґ  49 [chromium] Г”Г‡в•‘ tests\e2e\responsive.spec.ts:30:13 Г”Г‡в•‘ Responsywnoв”јГёв”ЂГ§ Г”Г‡Г¶ wide (1920px) Г”Г‡в•‘ Cennik [/cennik] renderuje siв”ЂГ– bez overflow (830ms)
  Г”ВЈГґ  51 [chromium] Г”Г‡в•‘ tests\e2e\responsive.spec.ts:30:13 Г”Г‡в•‘ Responsywnoв”јГёв”ЂГ§ Г”Г‡Г¶ wide (1920px) Г”Г‡в•‘ Blog [/blog] renderuje siв”ЂГ– bez overflow (839ms)
  Г”ВЈГґ  50 [chromium] Г”Г‡в•‘ tests\e2e\responsive.spec.ts:30:13 Г”Г‡в•‘ Responsywnoв”јГёв”ЂГ§ Г”Г‡Г¶ wide (1920px) Г”Г‡в•‘ Kontakt [/kontakt] renderuje siв”ЂГ– bez overflow (988ms)
  Г”ВЈГґ  52 [chromium] Г”Г‡в•‘ tests\e2e\responsive.spec.ts:30:13 Г”Г‡в•‘ Responsywnoв”јГёв”ЂГ§ Г”Г‡Г¶ wide (1920px) Г”Г‡в•‘ Polityka prywatnoв”јГёci [/polityka-prywatnosci] renderuje siв”ЂГ– bez overflow (818ms)
  Г”ВЈГґ  53 [chromium] Г”Г‡в•‘ tests\e2e\responsive.spec.ts:30:13 Г”Г‡в•‘ Responsywnoв”јГёв”ЂГ§ Г”Г‡Г¶ wide (1920px) Г”Г‡в•‘ Regulamin [/regulamin] renderuje siв”ЂГ– bez overflow (783ms)
  Г”ВЈГґ  54 [chromium] Г”Г‡в•‘ tests\e2e\responsive.spec.ts:30:13 Г”Г‡в•‘ Responsywnoв”јГёв”ЂГ§ Г”Г‡Г¶ wide (1920px) Г”Г‡в•‘ Przetwarzanie danych [/przetwarzanie-danych] renderuje siв”ЂГ– bez overflow (791ms)
  Г”ВЈГґ  56 [chromium] Г”Г‡в•‘ tests\e2e\responsive.spec.ts:51:9 Г”Г‡в•‘ Responsywnoв”јГёв”ЂГ§ Г”Г‡Г¶ wide (1920px) Г”Г‡в•‘ CTA "Umв”њв”‚w konsultacjв”ЂГ–" obecny na ekranie gв”јГ©в”њв”‚wnym (nawet przed animacjв”ЂГ  klasy Reveal) (823ms)

  56 passed (6.9s)
