[WebServer] $ astro dev

Running 62 tests using 10 workers

  Г”ВӘГө   4 [chromium] Г”Г‡в•‘ tests\e2e\responsive.spec.ts:30:13 Г”Г‡в•‘ Responsywnoв”әГёв”ЂГ§ Г”Г‡Г¶ mobile-sm (375px) Г”Г‡в•‘ Strona gв”әГ©в”њв”‚wna [/] renderuje siв”ЂГ– bez overflow (1.1s)
  Г”ВӘГө   6 [chromium] Г”Г‡в•‘ tests\e2e\navigation.spec.ts:51:5 Г”Г‡в•‘ Nawigacja Г”Г‡в•‘ Linki w footer prowadzв”ЂГ  poprawnie (prawne) (1.1s)
  Г”ВӘГө   7 [chromium] Г”Г‡в•‘ tests\e2e\responsive.spec.ts:30:13 Г”Г‡в•‘ Responsywnoв”әГёв”ЂГ§ Г”Г‡Г¶ mobile-sm (375px) Г”Г‡в•‘ O mnie [/o-mnie] renderuje siв”ЂГ– bez overflow (1.1s)
  Г”ВӘГө   9 [chromium] Г”Г‡в•‘ tests\e2e\responsive.spec.ts:30:13 Г”Г‡в•‘ Responsywnoв”әГёв”ЂГ§ Г”Г‡Г¶ mobile-sm (375px) Г”Г‡в•‘ Usв”әГ©ugi [/uslugi] renderuje siв”ЂГ– bez overflow (1.2s)
  Г”ВӘГө   5 [chromium] Г”Г‡в•‘ tests\e2e\navigation.spec.ts:43:5 Г”Г‡в•‘ Nawigacja Г”Г‡в•‘ CTA "Umв”њв”‚w konsultacjв”ЂГ–" prowadzi do /kontakt (1.3s)
  Г”ВӘГө   1 [chromium] Г”Г‡в•‘ tests\e2e\navigation.spec.ts:36:5 Г”Г‡в•‘ Nawigacja Г”Г‡в•‘ Logo prowadzi do strony gв”әГ©в”њв”‚wnej (1.4s)
  Г”ВӘГө  10 [chromium] Г”Г‡в•‘ tests\e2e\responsive.spec.ts:30:13 Г”Г‡в•‘ Responsywnoв”әГёв”ЂГ§ Г”Г‡Г¶ mobile-sm (375px) Г”Г‡в•‘ Prawo rodzinne [/uslugi/prawo-rodzinne] renderuje siв”ЂГ– bez overflow (1.7s)
  Г”ВӘГө   3 [chromium] Г”Г‡в•‘ tests\e2e\navigation.spec.ts:74:5 Г”Г‡в•‘ Nawigacja Г”Г‡в•‘ Breadcrumby na podstronach dziaв”әГ©ajв”ЂГ  (1.9s)
  Г”ВӘГө  11 [chromium] Г”Г‡в•‘ tests\e2e\responsive.spec.ts:30:13 Г”Г‡в•‘ Responsywnoв”әГёв”ЂГ§ Г”Г‡Г¶ mobile-sm (375px) Г”Г‡в•‘ Prawo cywilne [/uslugi/prawo-cywilne] renderuje siв”ЂГ– bez overflow (786ms)
  Г”ВӘГө  12 [chromium] Г”Г‡в•‘ tests\e2e\responsive.spec.ts:30:13 Г”Г‡в•‘ Responsywnoв”әГёв”ЂГ§ Г”Г‡Г¶ mobile-sm (375px) Г”Г‡в•‘ Cennik [/cennik] renderuje siв”ЂГ– bez overflow (848ms)
  Г”ВӘГө  14 [chromium] Г”Г‡в•‘ tests\e2e\responsive.spec.ts:30:13 Г”Г‡в•‘ Responsywnoв”әГёв”ЂГ§ Г”Г‡Г¶ mobile-sm (375px) Г”Г‡в•‘ Kontakt [/kontakt] renderuje siв”ЂГ– bez overflow (813ms)
  Г”ВӘГө  15 [chromium] Г”Г‡в•‘ tests\e2e\responsive.spec.ts:30:13 Г”Г‡в•‘ Responsywnoв”әГёв”ЂГ§ Г”Г‡Г¶ mobile-sm (375px) Г”Г‡в•‘ Blog [/blog] renderuje siв”ЂГ– bez overflow (780ms)
  Г”ВӘГө  13 [chromium] Г”Г‡в•‘ tests\e2e\responsive.spec.ts:30:13 Г”Г‡в•‘ Responsywnoв”әГёв”ЂГ§ Г”Г‡Г¶ mobile-sm (375px) Г”Г‡в•‘ Prawo karne [/uslugi/prawo-karne] renderuje siв”ЂГ– bez overflow (1.2s)
  Г”ВӘГө  16 [chromium] Г”Г‡в•‘ tests\e2e\responsive.spec.ts:30:13 Г”Г‡в•‘ Responsywnoв”әГёв”ЂГ§ Г”Г‡Г¶ mobile-sm (375px) Г”Г‡в•‘ Polityka prywatnoв”әГёci [/polityka-prywatnosci] renderuje siв”ЂГ– bez overflow (1.1s)
  Г”ВӘГө  18 [chromium] Г”Г‡в•‘ tests\e2e\responsive.spec.ts:43:9 Г”Г‡в•‘ Responsywnoв”әГёв”ЂГ§ Г”Г‡Г¶ mobile-sm (375px) Г”Г‡в•‘ Nawigacja hamburger widoczna na mobile (784ms)
  Г”ВӘГө  17 [chromium] Г”Г‡в•‘ tests\e2e\responsive.spec.ts:30:13 Г”Г‡в•‘ Responsywnoв”әГёв”ЂГ§ Г”Г‡Г¶ mobile-sm (375px) Г”Г‡в•‘ Regulamin [/regulamin] renderuje siв”ЂГ– bez overflow (900ms)
  Г”ВӘГө  20 [chromium] Г”Г‡в•‘ tests\e2e\responsive.spec.ts:51:9 Г”Г‡в•‘ Responsywnoв”әГёв”ЂГ§ Г”Г‡Г¶ mobile-sm (375px) Г”Г‡в•‘ CTA "Umв”њв”‚w konsultacjв”ЂГ–" obecny na ekranie gв”әГ©в”њв”‚wnym (nawet przed animacjв”ЂГ  klasy Reveal) (820ms)
  Г”ВӘГө  21 [chromium] Г”Г‡в•‘ tests\e2e\responsive.spec.ts:30:13 Г”Г‡в•‘ Responsywnoв”әГёв”ЂГ§ Г”Г‡Г¶ tablet (768px) Г”Г‡в•‘ Strona gв”әГ©в”њв”‚wna [/] renderuje siв”ЂГ– bez overflow (807ms)
  Г”ВӘГө  22 [chromium] Г”Г‡в•‘ tests\e2e\responsive.spec.ts:30:13 Г”Г‡в•‘ Responsywnoв”әГёв”ЂГ§ Г”Г‡Г¶ tablet (768px) Г”Г‡в•‘ O mnie [/o-mnie] renderuje siв”ЂГ– bez overflow (793ms)
  Г”ВӘГө  23 [chromium] Г”Г‡в•‘ tests\e2e\responsive.spec.ts:30:13 Г”Г‡в•‘ Responsywnoв”әГёв”ЂГ§ Г”Г‡Г¶ tablet (768px) Г”Г‡в•‘ Usв”әГ©ugi [/uslugi] renderuje siв”ЂГ– bez overflow (784ms)
  Г”ВӘГө  19 [chromium] Г”Г‡в•‘ tests\e2e\responsive.spec.ts:30:13 Г”Г‡в•‘ Responsywnoв”әГёв”ЂГ§ Г”Г‡Г¶ mobile-sm (375px) Г”Г‡в•‘ Przetwarzanie danych [/przetwarzanie-danych] renderuje siв”ЂГ– bez overflow (1.5s)
  Г”ВӘГө  24 [chromium] Г”Г‡в•‘ tests\e2e\responsive.spec.ts:30:13 Г”Г‡в•‘ Responsywnoв”әГёв”ЂГ§ Г”Г‡Г¶ tablet (768px) Г”Г‡в•‘ Prawo rodzinne [/uslugi/prawo-rodzinne] renderuje siв”ЂГ– bez overflow (920ms)
  Г”ВӘГө  25 [chromium] Г”Г‡в•‘ tests\e2e\responsive.spec.ts:30:13 Г”Г‡в•‘ Responsywnoв”әГёв”ЂГ§ Г”Г‡Г¶ tablet (768px) Г”Г‡в•‘ Prawo cywilne [/uslugi/prawo-cywilne] renderuje siв”ЂГ– bez overflow (807ms)
  Г”ВӘГө  26 [chromium] Г”Г‡в•‘ tests\e2e\responsive.spec.ts:30:13 Г”Г‡в•‘ Responsywnoв”әГёв”ЂГ§ Г”Г‡Г¶ tablet (768px) Г”Г‡в•‘ Prawo karne [/uslugi/prawo-karne] renderuje siв”ЂГ– bez overflow (811ms)
  Г”ВӘГө  27 [chromium] Г”Г‡в•‘ tests\e2e\responsive.spec.ts:30:13 Г”Г‡в•‘ Responsywnoв”әГёв”ЂГ§ Г”Г‡Г¶ tablet (768px) Г”Г‡в•‘ Cennik [/cennik] renderuje siв”ЂГ– bez overflow (758ms)
  Г”ВӘГө  33 [chromium] Г”Г‡в•‘ tests\e2e\responsive.spec.ts:43:9 Г”Г‡в•‘ Responsywnoв”әГёв”ЂГ§ Г”Г‡Г¶ tablet (768px) Г”Г‡в•‘ Nawigacja hamburger widoczna na mobile (103ms)
  Г”ВӘГө  28 [chromium] Г”Г‡в•‘ tests\e2e\responsive.spec.ts:30:13 Г”Г‡в•‘ Responsywnoв”әГёв”ЂГ§ Г”Г‡Г¶ tablet (768px) Г”Г‡в•‘ Kontakt [/kontakt] renderuje siв”ЂГ– bez overflow (767ms)
  Г”ВӘГө  29 [chromium] Г”Г‡в•‘ tests\e2e\responsive.spec.ts:30:13 Г”Г‡в•‘ Responsywnoв”әГёв”ЂГ§ Г”Г‡Г¶ tablet (768px) Г”Г‡в•‘ Blog [/blog] renderuje siв”ЂГ– bez overflow (791ms)
  Г”ВӘГө   2 [chromium] Г”Г‡в•‘ tests\e2e\navigation.spec.ts:27:5 Г”Г‡в•‘ Nawigacja Г”Г‡в•‘ Wszystkie linki w nawigacji prowadzв”ЂГ  do istniejв”ЂГ cych stron (3.7s)
  Г”ВӘГө  30 [chromium] Г”Г‡в•‘ tests\e2e\responsive.spec.ts:30:13 Г”Г‡в•‘ Responsywnoв”әГёв”ЂГ§ Г”Г‡Г¶ tablet (768px) Г”Г‡в•‘ Polityka prywatnoв”әГёci [/polityka-prywatnosci] renderuje siв”ЂГ– bez overflow (721ms)
  Г”ВӘГө  31 [chromium] Г”Г‡в•‘ tests\e2e\responsive.spec.ts:30:13 Г”Г‡в•‘ Responsywnoв”әГёв”ЂГ§ Г”Г‡Г¶ tablet (768px) Г”Г‡в•‘ Regulamin [/regulamin] renderuje siв”ЂГ– bez overflow (750ms)
  Г”ВӘГө  32 [chromium] Г”Г‡в•‘ tests\e2e\responsive.spec.ts:30:13 Г”Г‡в•‘ Responsywnoв”әГёв”ЂГ§ Г”Г‡Г¶ tablet (768px) Г”Г‡в•‘ Przetwarzanie danych [/przetwarzanie-danych] renderuje siв”ЂГ– bez overflow (754ms)
  Г”ВӘГө  34 [chromium] Г”Г‡в•‘ tests\e2e\responsive.spec.ts:51:9 Г”Г‡в•‘ Responsywnoв”әГёв”ЂГ§ Г”Г‡Г¶ tablet (768px) Г”Г‡в•‘ CTA "Umв”њв”‚w konsultacjв”ЂГ–" obecny na ekranie gв”әГ©в”њв”‚wnym (nawet przed animacjв”ЂГ  klasy Reveal) (785ms)
  Г”ВӘГө  35 [chromium] Г”Г‡в•‘ tests\e2e\responsive.spec.ts:30:13 Г”Г‡в•‘ Responsywnoв”әГёв”ЂГ§ Г”Г‡Г¶ desktop (1280px) Г”Г‡в•‘ Strona gв”әГ©в”њв”‚wna [/] renderuje siв”ЂГ– bez overflow (797ms)
  Г”ВӘГө  36 [chromium] Г”Г‡в•‘ tests\e2e\responsive.spec.ts:30:13 Г”Г‡в•‘ Responsywnoв”әГёв”ЂГ§ Г”Г‡Г¶ desktop (1280px) Г”Г‡в•‘ O mnie [/o-mnie] renderuje siв”ЂГ– bez overflow (819ms)
  Г”ВӘГө  38 [chromium] Г”Г‡в•‘ tests\e2e\responsive.spec.ts:30:13 Г”Г‡в•‘ Responsywnoв”әГёв”ЂГ§ Г”Г‡Г¶ desktop (1280px) Г”Г‡в•‘ Prawo rodzinne [/uslugi/prawo-rodzinne] renderuje siв”ЂГ– bez overflow (789ms)
  Г”ВӘГө  37 [chromium] Г”Г‡в•‘ tests\e2e\responsive.spec.ts:30:13 Г”Г‡в•‘ Responsywnoв”әГёв”ЂГ§ Г”Г‡Г¶ desktop (1280px) Г”Г‡в•‘ Usв”әГ©ugi [/uslugi] renderuje siв”ЂГ– bez overflow (843ms)
  Г”ВӘГө  39 [chromium] Г”Г‡в•‘ tests\e2e\responsive.spec.ts:30:13 Г”Г‡в•‘ Responsywnoв”әГёв”ЂГ§ Г”Г‡Г¶ desktop (1280px) Г”Г‡в•‘ Prawo cywilne [/uslugi/prawo-cywilne] renderuje siв”ЂГ– bez overflow (762ms)
  Г”ВӘГө  47 [chromium] Г”Г‡в•‘ tests\e2e\responsive.spec.ts:43:9 Г”Г‡в•‘ Responsywnoв”әГёв”ЂГ§ Г”Г‡Г¶ desktop (1280px) Г”Г‡в•‘ Nawigacja hamburger widoczna na mobile (93ms)
  Г”ВӘГө  40 [chromium] Г”Г‡в•‘ tests\e2e\responsive.spec.ts:30:13 Г”Г‡в•‘ Responsywnoв”әГёв”ЂГ§ Г”Г‡Г¶ desktop (1280px) Г”Г‡в•‘ Prawo karne [/uslugi/prawo-karne] renderuje siв”ЂГ– bez overflow (771ms)
  Г”ВӘГө  41 [chromium] Г”Г‡в•‘ tests\e2e\responsive.spec.ts:30:13 Г”Г‡в•‘ Responsywnoв”әГёв”ЂГ§ Г”Г‡Г¶ desktop (1280px) Г”Г‡в•‘ Cennik [/cennik] renderuje siв”ЂГ– bez overflow (771ms)
  Г”ВӘГө  42 [chromium] Г”Г‡в•‘ tests\e2e\responsive.spec.ts:30:13 Г”Г‡в•‘ Responsywnoв”әГёв”ЂГ§ Г”Г‡Г¶ desktop (1280px) Г”Г‡в•‘ Kontakt [/kontakt] renderuje siв”ЂГ– bez overflow (865ms)
  Г”ВӘГө  43 [chromium] Г”Г‡в•‘ tests\e2e\responsive.spec.ts:30:13 Г”Г‡в•‘ Responsywnoв”әГёв”ЂГ§ Г”Г‡Г¶ desktop (1280px) Г”Г‡в•‘ Blog [/blog] renderuje siв”ЂГ– bez overflow (769ms)
  Г”ВӘГө  44 [chromium] Г”Г‡в•‘ tests\e2e\responsive.spec.ts:30:13 Г”Г‡в•‘ Responsywnoв”әГёв”ЂГ§ Г”Г‡Г¶ desktop (1280px) Г”Г‡в•‘ Polityka prywatnoв”әГёci [/polityka-prywatnosci] renderuje siв”ЂГ– bez overflow (772ms)
  Г”ВӘГө  45 [chromium] Г”Г‡в•‘ tests\e2e\responsive.spec.ts:30:13 Г”Г‡в•‘ Responsywnoв”әГёв”ЂГ§ Г”Г‡Г¶ desktop (1280px) Г”Г‡в•‘ Regulamin [/regulamin] renderuje siв”ЂГ– bez overflow (796ms)
  Г”ВӘГө  46 [chromium] Г”Г‡в•‘ tests\e2e\responsive.spec.ts:30:13 Г”Г‡в•‘ Responsywnoв”әГёв”ЂГ§ Г”Г‡Г¶ desktop (1280px) Г”Г‡в•‘ Przetwarzanie danych [/przetwarzanie-danych] renderuje siв”ЂГ– bez overflow (790ms)
  Г”ВӘГө  48 [chromium] Г”Г‡в•‘ tests\e2e\responsive.spec.ts:51:9 Г”Г‡в•‘ Responsywnoв”әГёв”ЂГ§ Г”Г‡Г¶ desktop (1280px) Г”Г‡в•‘ CTA "Umв”њв”‚w konsultacjв”ЂГ–" obecny na ekranie gв”әГ©в”њв”‚wnym (nawet przed animacjв”ЂГ  klasy Reveal) (821ms)
  Г”ВӘГө  49 [chromium] Г”Г‡в•‘ tests\e2e\responsive.spec.ts:30:13 Г”Г‡в•‘ Responsywnoв”әГёв”ЂГ§ Г”Г‡Г¶ wide (1920px) Г”Г‡в•‘ Strona gв”әГ©в”њв”‚wna [/] renderuje siв”ЂГ– bez overflow (836ms)
  Г”ВӘГө  50 [chromium] Г”Г‡в•‘ tests\e2e\responsive.spec.ts:30:13 Г”Г‡в•‘ Responsywnoв”әГёв”ЂГ§ Г”Г‡Г¶ wide (1920px) Г”Г‡в•‘ O mnie [/o-mnie] renderuje siв”ЂГ– bez overflow (843ms)
  Г”ВӘГө  51 [chromium] Г”Г‡в•‘ tests\e2e\responsive.spec.ts:30:13 Г”Г‡в•‘ Responsywnoв”әГёв”ЂГ§ Г”Г‡Г¶ wide (1920px) Г”Г‡в•‘ Usв”әГ©ugi [/uslugi] renderuje siв”ЂГ– bez overflow (860ms)
  Г”ВӘГө  52 [chromium] Г”Г‡в•‘ tests\e2e\responsive.spec.ts:30:13 Г”Г‡в•‘ Responsywnoв”әГёв”ЂГ§ Г”Г‡Г¶ wide (1920px) Г”Г‡в•‘ Prawo rodzinne [/uslugi/prawo-rodzinne] renderuje siв”ЂГ– bez overflow (827ms)
  Г”ВӘГө  53 [chromium] Г”Г‡в•‘ tests\e2e\responsive.spec.ts:30:13 Г”Г‡в•‘ Responsywnoв”әГёв”ЂГ§ Г”Г‡Г¶ wide (1920px) Г”Г‡в•‘ Prawo cywilne [/uslugi/prawo-cywilne] renderuje siв”ЂГ– bez overflow (857ms)
  Г”ВӘГө  61 [chromium] Г”Г‡в•‘ tests\e2e\responsive.spec.ts:43:9 Г”Г‡в•‘ Responsywnoв”әГёв”ЂГ§ Г”Г‡Г¶ wide (1920px) Г”Г‡в•‘ Nawigacja hamburger widoczna na mobile (184ms)
  Г”ВӘГө  54 [chromium] Г”Г‡в•‘ tests\e2e\responsive.spec.ts:30:13 Г”Г‡в•‘ Responsywnoв”әГёв”ЂГ§ Г”Г‡Г¶ wide (1920px) Г”Г‡в•‘ Prawo karne [/uslugi/prawo-karne] renderuje siв”ЂГ– bez overflow (885ms)
  Г”ВӘГө  55 [chromium] Г”Г‡в•‘ tests\e2e\responsive.spec.ts:30:13 Г”Г‡в•‘ Responsywnoв”әГёв”ЂГ§ Г”Г‡Г¶ wide (1920px) Г”Г‡в•‘ Cennik [/cennik] renderuje siв”ЂГ– bez overflow (884ms)
  Г”ВӘГө  56 [chromium] Г”Г‡в•‘ tests\e2e\responsive.spec.ts:30:13 Г”Г‡в•‘ Responsywnoв”әГёв”ЂГ§ Г”Г‡Г¶ wide (1920px) Г”Г‡в•‘ Kontakt [/kontakt] renderuje siв”ЂГ– bez overflow (946ms)
  Г”ВӘГө  57 [chromium] Г”Г‡в•‘ tests\e2e\responsive.spec.ts:30:13 Г”Г‡в•‘ Responsywnoв”әГёв”ЂГ§ Г”Г‡Г¶ wide (1920px) Г”Г‡в•‘ Blog [/blog] renderuje siв”ЂГ– bez overflow (877ms)
  Г”ВӘГө  58 [chromium] Г”Г‡в•‘ tests\e2e\responsive.spec.ts:30:13 Г”Г‡в•‘ Responsywnoв”әГёв”ЂГ§ Г”Г‡Г¶ wide (1920px) Г”Г‡в•‘ Polityka prywatnoв”әГёci [/polityka-prywatnosci] renderuje siв”ЂГ– bez overflow (838ms)
  Г”ВӘГө  59 [chromium] Г”Г‡в•‘ tests\e2e\responsive.spec.ts:30:13 Г”Г‡в•‘ Responsywnoв”әГёв”ЂГ§ Г”Г‡Г¶ wide (1920px) Г”Г‡в•‘ Regulamin [/regulamin] renderuje siв”ЂГ– bez overflow (817ms)
  Г”ВӘГө  60 [chromium] Г”Г‡в•‘ tests\e2e\responsive.spec.ts:30:13 Г”Г‡в•‘ Responsywnoв”әГёв”ЂГ§ Г”Г‡Г¶ wide (1920px) Г”Г‡в•‘ Przetwarzanie danych [/przetwarzanie-danych] renderuje siв”ЂГ– bez overflow (759ms)
  Г”ВӘГө  62 [chromium] Г”Г‡в•‘ tests\e2e\responsive.spec.ts:51:9 Г”Г‡в•‘ Responsywnoв”әГёв”ЂГ§ Г”Г‡Г¶ wide (1920px) Г”Г‡в•‘ CTA "Umв”њв”‚w konsultacjв”ЂГ–" obecny na ekranie gв”әГ©в”њв”‚wnym (nawet przed animacjв”ЂГ  klasy Reveal) (791ms)
  Г”ВӘГү   8 [chromium] Г”Г‡в•‘ tests\e2e\navigation.spec.ts:64:5 Г”Г‡в•‘ Nawigacja Г”Г‡в•‘ Blog Г”Г‡Г¶ linki "Przeczytaj artykuв”әГ©" prowadza do postв”њв”‚w (30.1s)


  1) [chromium] Г”Г‡в•‘ tests\e2e\navigation.spec.ts:64:5 Г”Г‡в•‘ Nawigacja Г”Г‡в•‘ Blog Г”Г‡Г¶ linki "Przeczytaj artykuв”әГ©" prowadza do postв”њв”‚w 

    [31mTest timeout of 30000ms exceeded.[39m

    Error: locator.click: Test timeout of 30000ms exceeded.
    Call log:
    [2m  - waiting for locator('article a').first()[22m
    [2m    - locator resolved to <a data-astro-source-loc="79:85" class="after:absolute after:inset-0" href="/blog/jazda-po-alkoholu-konsekwencje-prawne" data-astro-source-file="C:/MyFiles/ProgrammingProjects/MamaWiki/kancelariaabw/src/pages/blog/index.astro"> Co grozi za jazdв”ЂГ– po alkoholu? Prawo karne drogoГ”Г‡ВҒ</a>[22m
    [2m  - attempting click action[22m
    [2m    2 в”њГ№ waiting for element to be visible, enabled and stable[22m
    [2m      - element is visible, enabled and stable[22m
    [2m      - scrolling into view if needed[22m
    [2m      - done scrolling[22m
    [2m      - <a data-astro-source-loc="79:85" class="after:absolute after:inset-0" href="/blog/podzial-majatku-po-rozwodzie-zasady" data-astro-source-file="C:/MyFiles/ProgrammingProjects/MamaWiki/kancelariaabw/src/pages/blog/index.astro"> Podziaв”әГ© majв”ЂГ tku po rozwodzie Г”Г‡Г¶ zasady, koszty i Г”Г‡ВҒ</a> from <article data-astro-source-loc="63:159" data-astro-source-file="C:/MyFiles/ProgrammingProjects/MamaWiki/kancelariaabw/src/pages/blog/index.astro" class="group border border-border rounded-2xl overflow-hidden hover:border-gold hover:shadow-lg transition-all duration-300 flex flex-col">Г”Г‡ВҒ</article> subtree intercepts pointer events[22m
    [2m    - retrying click action[22m
    [2m    - waiting 20ms[22m
    [2m    2 в”њГ№ waiting for element to be visible, enabled and stable[22m
    [2m      - element is not stable[22m
    [2m    - retrying click action[22m
    [2m      - waiting 100ms[22m
    [2m    - waiting for element to be visible, enabled and stable[22m
    [2m    - element is not stable[22m
    [2m  13 в”њГ№ retrying click action[22m
    [2m       - waiting 500ms[22m
    [2m       - waiting for element to be visible, enabled and stable[22m
    [2m       - element is visible, enabled and stable[22m
    [2m       - scrolling into view if needed[22m
    [2m       - done scrolling[22m
    [2m       - <a class="after:absolute after:inset-0" href="/blog/podzial-majatku-po-rozwodzie-zasady"> Podziaв”әГ© majв”ЂГ tku po rozwodzie Г”Г‡Г¶ zasady, koszty i Г”Г‡ВҒ</a> from <article class="group border border-border rounded-2xl overflow-hidden hover:border-gold hover:shadow-lg transition-all duration-300 flex flex-col">Г”Г‡ВҒ</article> subtree intercepts pointer events[22m
    [2m     - retrying click action[22m
    [2m       - waiting 500ms[22m
    [2m       - waiting for element to be visible, enabled and stable[22m
    [2m       - element is visible, enabled and stable[22m
    [2m       - scrolling into view if needed[22m
    [2m       - done scrolling[22m
    [2m       - <a class="after:absolute after:inset-0" href="/blog/podzial-majatku-po-rozwodzie-zasady"> Podziaв”әГ© majв”ЂГ tku po rozwodzie Г”Г‡Г¶ zasady, koszty i Г”Г‡ВҒ</a> from <article class="group border border-border rounded-2xl overflow-hidden hover:border-gold hover:shadow-lg transition-all duration-300 flex flex-col">Г”Г‡ВҒ</article> subtree intercepts pointer events[22m
    [2m     - retrying click action[22m
    [2m       - waiting 500ms[22m
    [2m       - waiting for element to be visible, enabled and stable[22m
    [2m       - element is visible, enabled and stable[22m
    [2m       - scrolling into view if needed[22m
    [2m       - done scrolling[22m
    [2m       - <nav aria-label="Nawigacja gв”әГ©в”њв”‚wna" class="flex items-center justify-between h-16 lg:h-20">Г”Г‡ВҒ</nav> from <header class="sticky top-0 z-50 bg-white/95 backdrop-blur-sm border-b border-border">Г”Г‡ВҒ</header> subtree intercepts pointer events[22m
    [2m     - retrying click action[22m
    [2m       - waiting 500ms[22m
    [2m       - waiting for element to be visible, enabled and stable[22m
    [2m       - element is visible, enabled and stable[22m
    [2m       - scrolling into view if needed[22m
    [2m       - done scrolling[22m
    [2m       - <nav aria-label="Nawigacja gв”әГ©в”њв”‚wna" class="flex items-center justify-between h-16 lg:h-20">Г”Г‡ВҒ</nav> from <header class="sticky top-0 z-50 bg-white/95 backdrop-blur-sm border-b border-border">Г”Г‡ВҒ</header> subtree intercepts pointer events[22m
    [2m  2 в”њГ№ retrying click action[22m
    [2m      - waiting 500ms[22m
    [2m      - waiting for element to be visible, enabled and stable[22m
    [2m      - element is visible, enabled and stable[22m
    [2m      - scrolling into view if needed[22m
    [2m      - done scrolling[22m
    [2m      - <a class="after:absolute after:inset-0" href="/blog/podzial-majatku-po-rozwodzie-zasady"> Podziaв”әГ© majв”ЂГ tku po rozwodzie Г”Г‡Г¶ zasady, koszty i Г”Г‡ВҒ</a> from <article class="group border border-border rounded-2xl overflow-hidden hover:border-gold hover:shadow-lg transition-all duration-300 flex flex-col">Г”Г‡ВҒ</article> subtree intercepts pointer events[22m
    [2m  - retrying click action[22m
    [2m    - waiting 500ms[22m


      65 |         await page.goto('/blog');
      66 |         const firstCardLink = page.locator('article a').first();
    > 67 |         await firstCardLink.click();
         |                             ^
      68 |         // Powinniв”әГёmy byв”ЂГ§ na /blog/[slug]
      69 |         expect(page.url()).toContain('/blog/');
      70 |         const h1 = page.locator('h1');
        at C:\MyFiles\ProgrammingProjects\MamaWiki\kancelariaabw\tests\e2e\navigation.spec.ts:67:29

    attachment #1: screenshot (image/png) Г”Г¶Г‡Г”Г¶Г‡Г”Г¶Г‡Г”Г¶Г‡Г”Г¶Г‡Г”Г¶Г‡Г”Г¶Г‡Г”Г¶Г‡Г”Г¶Г‡Г”Г¶Г‡Г”Г¶Г‡Г”Г¶Г‡Г”Г¶Г‡Г”Г¶Г‡Г”Г¶Г‡Г”Г¶Г‡Г”Г¶Г‡Г”Г¶Г‡Г”Г¶Г‡Г”Г¶Г‡Г”Г¶Г‡Г”Г¶Г‡Г”Г¶Г‡Г”Г¶Г‡Г”Г¶Г‡Г”Г¶Г‡Г”Г¶Г‡Г”Г¶Г‡Г”Г¶Г‡Г”Г¶Г‡Г”Г¶Г‡Г”Г¶Г‡Г”Г¶Г‡Г”Г¶Г‡Г”Г¶Г‡Г”Г¶Г‡Г”Г¶Г‡Г”Г¶Г‡Г”Г¶Г‡Г”Г¶Г‡Г”Г¶Г‡Г”Г¶Г‡Г”Г¶Г‡Г”Г¶Г‡Г”Г¶Г‡Г”Г¶Г‡Г”Г¶Г‡Г”Г¶Г‡Г”Г¶Г‡Г”Г¶Г‡Г”Г¶Г‡Г”Г¶Г‡Г”Г¶Г‡Г”Г¶Г‡Г”Г¶Г‡Г”Г¶Г‡Г”Г¶Г‡Г”Г¶Г‡
    test-results\e2e-navigation-Nawigacja-B-2251b--artykuв”әГ©-prowadza-do-postв”њв”‚w-chromium\test-failed-1.png
    Г”Г¶Г‡Г”Г¶Г‡Г”Г¶Г‡Г”Г¶Г‡Г”Г¶Г‡Г”Г¶Г‡Г”Г¶Г‡Г”Г¶Г‡Г”Г¶Г‡Г”Г¶Г‡Г”Г¶Г‡Г”Г¶Г‡Г”Г¶Г‡Г”Г¶Г‡Г”Г¶Г‡Г”Г¶Г‡Г”Г¶Г‡Г”Г¶Г‡Г”Г¶Г‡Г”Г¶Г‡Г”Г¶Г‡Г”Г¶Г‡Г”Г¶Г‡Г”Г¶Г‡Г”Г¶Г‡Г”Г¶Г‡Г”Г¶Г‡Г”Г¶Г‡Г”Г¶Г‡Г”Г¶Г‡Г”Г¶Г‡Г”Г¶Г‡Г”Г¶Г‡Г”Г¶Г‡Г”Г¶Г‡Г”Г¶Г‡Г”Г¶Г‡Г”Г¶Г‡Г”Г¶Г‡Г”Г¶Г‡Г”Г¶Г‡Г”Г¶Г‡Г”Г¶Г‡Г”Г¶Г‡Г”Г¶Г‡Г”Г¶Г‡Г”Г¶Г‡Г”Г¶Г‡Г”Г¶Г‡Г”Г¶Г‡Г”Г¶Г‡Г”Г¶Г‡Г”Г¶Г‡Г”Г¶Г‡Г”Г¶Г‡Г”Г¶Г‡Г”Г¶Г‡Г”Г¶Г‡Г”Г¶Г‡Г”Г¶Г‡Г”Г¶Г‡Г”Г¶Г‡Г”Г¶Г‡Г”Г¶Г‡Г”Г¶Г‡Г”Г¶Г‡Г”Г¶Г‡Г”Г¶Г‡Г”Г¶Г‡Г”Г¶Г‡Г”Г¶Г‡Г”Г¶Г‡Г”Г¶Г‡Г”Г¶Г‡Г”Г¶Г‡Г”Г¶Г‡Г”Г¶Г‡Г”Г¶Г‡Г”Г¶Г‡Г”Г¶Г‡Г”Г¶Г‡Г”Г¶Г‡Г”Г¶Г‡Г”Г¶Г‡Г”Г¶Г‡Г”Г¶Г‡Г”Г¶Г‡Г”Г¶Г‡Г”Г¶Г‡Г”Г¶Г‡Г”Г¶Г‡Г”Г¶Г‡Г”Г¶Г‡Г”Г¶Г‡Г”Г¶Г‡Г”Г¶Г‡

    Error Context: test-results\e2e-navigation-Nawigacja-B-2251b--artykuв”әГ©-prowadza-do-postв”њв”‚w-chromium\error-context.md

  1 failed
    [chromium] Г”Г‡в•‘ tests\e2e\navigation.spec.ts:64:5 Г”Г‡в•‘ Nawigacja Г”Г‡в•‘ Blog Г”Г‡Г¶ linki "Przeczytaj artykuв”әГ©" prowadza do postв”њв”‚w 
  61 passed (34.6s)
